155
630 15
75160 95440 93697 31980 80939 58252 30944 94633 85860 37500 6264 49647 41272 81066 71393
0 343
3951 53602 28809 53941 45358 48814 28604 11007 80118 15755 35444 25170 87833 65211 62860 1177 35319 27615 84835 42434 59278 89805 70381 81264 86920 60041 20380 71381 54810 5683 84637 94267 72715 4731 86242 65856 6973 77669 89610 11917 3313 34608 46257 30475 91648 17983 39752 99650 80160 18369 34505 75458 84991 54534 65316 83832 3342 35983 95567 38494 34541 20438 67555 99630 93817 96897 79283 8024 28322 71846 45572 42800 83261 99567 19369 48946 59126 29655 10284 14769 52090 59703 54633 96284 6093 40455 85982 20886 86227 8930 52050 71589 13782 52583 21671 35512 37925 6600 62436 80909 88953 1734 45680 2500 93078 64658 37116 74985 41060 93968 74784 35661 41289 87332 37567 693 77763 67516 38069 23954 42126 9027 89917 50317 30262 93442 73467 42332 50872 6580 44616 32366 69055 7292 42557 50047 85336 12286 23462 42234 5610 92963 97495 26528 986 71630 38677 31633 22510 39635 36490 7180 81797 76197 13975 50625 12749 55326 86342 52906 89497 30407 63263 4290 51722 39496 22580 34373 72752 82252 14100 2885 24972 56286 40929 38183 4476 35197 28683 18709 80354 12261 62989 8602 83834 76166 44402 50592 43162 45410 80191 8351 32237 7072 43658 56984 39973 27656 44167 25592 92380 38880 3066 40061 386 67463 29026 19265 29259 63214 74214 70371 50618 25685 97566 66827 63100 9591 30623 92730 44902 85368 36651 52440 98726 1970 2797 54664 91345 48125 4213 27863 25355 43297 47044 2407 42729 80092 60979 82801 55913 9441 2926 58636 5325 71126 33315 34352 37903 75179 10108 43074 86636 22260 30769 92397 75985 77738 45717 96727 62548 41469 593 47842 73947 67732 2846 18877 23922 50523 38182 74650 96360 74370 80650 39492 53706 73153 83655 26092 83315 94965 18088 7563 17880 32267 4374 56271 37367 29628 6970 17643 84948 9069 11006 86413 61524 8674 4328 89603 71844 80636 90797 85867 85809 41328 85925 96613 35107 85964 71970 32003 98633 73775 49538 60944 41071 22599 27998 27933 46583 7481 79315 81433 91865 4113 50394 65959 77895 49247 39198 78361 31819 79038 24867 9857 58955 64691 64075 37940 31470 31074 12421
972 26
8296 77091 64661 70278 87891 9712 9545 60255 37503 17177 19927 81449 81419 82336 76912 84951 8272 86454 67656 874 9157 87323 30135 64859 45423 54094
971 12
60467 45258 55807 76443 78840 49334 43172 75951 61274 60544 64923 72836
970 22
23967 37804 99601 28313 65226 83498 24625 48963 68593 92459 85151 84726 87738 2354 28232 32283 11897 73605 65853 6902 82447 44327
969 20
5239 6670 22707 68656 50289 14403 68039 11613 38866 5376 70490 19296 9484 11148 22816 42356 15796 53628 59156 81570
959 18
4894 65599 16566 21589 77254 36263 15966 95920 43218 47976 29447 23063 10002 25066 2425 45667 31818 1029
952 16
45257 20834 67080 99864 20324 31021 52540 55663 65232 80613 16087 40724 4021 94985 85057 92713
944 14
24606 5153 18210 80713 11270 78082 63690 42793 50500 84357 67242 52916 15812 8480
936 11
6219 30600 91792 31663 61472 35974 73598 43530 89443 30618 16142
933 10
30684 7703 15611 44949 98420 97701 59202 83803 88981 34648
23 4
71237 49586 828 519
27 6
48688 11962 40689 9444 11489 72891
902 4
8287 50867 46664 76347
894 2
99178 45724
854 35
15774 12840 19335 75955 80261 59957 24138 91537 87878 82885 54347 63154 41674 51815 90326 27043 9846 26978 52942 51465 19100 98778 80789 62180 51029 31114 26942 62455 63441 23575 10766 50274 40475 96949 17771
848 68
39404 48977 98519 28051 15999 4238 10455 42367 63183 64703 91492 30243 50770 92344 54410 79835 27509 34801 25886 27248 94230 27029 49469 58719 3323 54809 76481 47339 66475 53556 24110 15079 25399 78597 44338 88640 17181 42249 46965 49948 87462 11036 63553 88480 10019 53176 37647 79300 46939 51873 32279 67394 12323 60331 10958 3804 8600 85506 3927 53377 86244 76196 42287 3406 54895 72670 51185 17716
37 66
50583 25835 66008 35364 91657 65469 79063 74031 31615 74466 16246 64920 69225 45039 56514 63931 49396 58089 90508 47408 17978 87943 47401 21047 87757 35604 54282 94785 4560 41234 63988 38825 76155 52692 18051 86552 83605 57355 88771 26680 97915 12339 82443 84894 56937 30108 56645 56382 88422 64738 91327 59864 85811 80911 22817 85569 14493 84857 89511 58171 27587 31280 96036 47066 92422 66198
844 64
45465 37777 27024 37665 23171 50194 63435 61067 8081 17526 25162 93453 11444 4492 96752 71654 70758 27748 91216 63659 85507 65445 26391 28699 79400 98434 15731 60122 70767 76625 94485 78085 19536 35717 23686 89629 61424 72595 32233 73338 94665 91733 1676 55489 16741 73367 15096 48055 64872 44198 85619 13586 51983 35921 75296 61278 39713 86412 76755 40830 77561 83958 87696 38718
813 62
99787 35347 90772 72093 20730 29464 75322 66825 80667 67649 29096 67397 94101 87867 16572 61705 86813 82255 67579 82704 44512 93597 49173 47330 99747 564 33189 2291 42703 75533 38676 96444 44808 98942 54974 76296 69761 63628 16584 99898 46320 15086 18926 75571 76856 85959 13057 61447 44156 81870 43393 86024 46869 10894 5068 23737 39863 21718 19424 41045 12047 84792
808 30
58772 29599 98272 73050 75075 2788 37784 5996 88843 80211 12599 34708 27717 46424 67500 38380 23907 9443 43803 93222 97903 77427 99417 96874 20564 69371 18003 69082 50376 98849
805 29
73877 69112 96414 63402 24266 55812 18717 97764 61319 56788 35210 75594 14889 98339 43353 2539 94614 22175 75610 68007 31469 57474 8638 92111 36485 53185 95124 28835 19381
798 28
99636 95408 65036 19019 76287 91123 34933 40411 98943 22455 10063 59333 80751 6076 42988 50717 95876 57900 18116 81187 11997 9467 8629 40336 18581 21938 46776 48634
795 27
71501 65336 74924 88554 58891 62384 79700 2670 57108 61691 11966 17562 84819 28182 63482 73411 84632 56815 51167 80062 79994 88735 76749 6387 95890 88302 39358
793 26
26101 3902 75817 4068 98699 48395 55538 49319 5611 9603 37262 40000 9626 13740 49379 77613 12709 37528 29585 32486 31643 436 89952 37701 94707 30018
779 50
6157 73120 8722 72377 89505 32674 8456 6753 48319 99874 70714 17361 413 40006 46909 10654 10745 20903 27634 32475 59349 63621 36572 50634 64087 21132 72337 57945 61173 24847 45910 34148 45592 26736 23957 85812 42794 51581 69107 80392 79758 77140 98502 9384 85963 25396 92618 82541 76316 20530
773 24
19039 62206 57638 6846 93751 26086 33557 28488 63197 20171 25237 15295 82887 35765 30247 85110 60193 82429 87599 81411 29720 26584 86721 24307
772 46
43342 36501 53518 65576 48768 5549 34502 66225 1925 44903 32781 84615 27299 66512 93990 64805 44773 89612 3678 81082 54358 54568 4368 59713 1878 70464 11911 47708 42653 39400 71277 88961 92386 25646 81013 28169 84522 99797 77074 92406 98879 36944 54029 39128 91180 78256
56 44
92696 90748 56478 50817 63288 68135 57024 80884 83472 66290 94229 19045 50895 91776 92787 93618 43873 45174 40665 19492 49708 81095 31184 72466 57895 56426 34306 42196 82690 59659 43434 91621 91122 29861 25264 83310 55446 17046 34008 68342 23432 65792 97631 39810
59 42
11895 73532 86844 87814 92322 42690 48703 87322 11117 94120 45617 27255 38144 54516 73672 39007 89439 88461 96893 90601 15045 73490 15163 59299 35499 41800 37330 40986 82701 19449 26510 56052 64084 11445 53002 96014 42674 35998 75854 25116 21022 82935
61 40
79777 59431 77811 72762 76904 95736 22849 35036 73075 95790 22310 689 95311 70812 35398 70655 39157 15493 75368 26317 60305 59252 60332 44957 55072 45945 56972 50676 24031 46959 69677 56642 98533 38562 58298 7009 44839 2177 84783 99258
736 19
67023 10631 54886 23309 40551 51181 73388 78066 95113 67029 73519 14212 20704 97674 25772 52557 29017 8738 66539
66 18
51874 84205 82581 65195 2621 90964 51547 81243 59155 83093 64577 40818 4653 17843 92889 82073 66659 45522
717 34
38973 27711 71817 71265 27332 13360 77047 1075 46487 55590 26726 45425 42641 78188 6533 26104 75021 54691 81651 51565 47915 42865 11181 42338 79214 58159 91295 53145 52681 58693 72348 27553 98568 47594
69 32
14377 61213 10021 27360 38702 88039 11379 95379 65239 3706 72826 98194 93785 48970 64077 88566 63533 84969 67312 24 45273 9903 66981 70685 19179 87362 62225 5226 29638 26377 4416 82285
715 30
42480 49200 98414 64564 9473 94081 33559 60619 32407 44997 29457 10793 31590 34670 22316 67548 39314 55834 10177 71906 76954 72864 11675 60881 40793 27475 72776 62125 57894 47138
71 28
99485 82273 32802 77393 12677 9494 20784 51851 51912 7734 41021 15005 65949 20104 67288 61340 60821 84843 4063 47612 9617 82456 63350 93459 67563 41757 54031 51380
72 26
81122 59996 84387 58948 95105 7495 147 28379 85355 51333 98505 10286 11848 58208 26167 4711 10681 6132 72945 35996 96374 80241 92735 2628 37103 73734
709 12
27030 97625 19849 4988 10325 88170 56549 69324 58402 65955 31415 47752
708 22
99878 53080 35143 88769 46228 23169 86727 40626 53484 53021 75331 74733 8590 56065 3167 21344 77903 61598 63945 81550 7921 20726
693 20
41089 81102 94340 53365 12319 12266 48289 30795 17224 52832 67337 43615 91042 56918 65521 60175 30820 5360 55176 11211
690 9
2438 14304 18638 87404 65442 47195 87330 89117 70879
80 16
24518 77309 85087 36743 6069 62042 98793 28863 61590 21240 70486 57111 59809 32071 24357 94015
81 13
61114 2707 37652 79916 4736 30539 24063 31106 53156 79511 18456 86279 9268
82 12
9965 98639 94427 74817 35839 92751 43543 70156 57275 20668 1848 86280
687 5
64489 35409 75409 24908 28149
85 4
63509 76488 77138 10038
87 6
50311 90028 13338 26373 61192 81491
676 4
50246 11449 31631 67773
669 1
88252
665 298
97793 33269 3662 42416 89995 10158 34982 81833 20428 90287 14847 37208 95458 83818 48198 89312 50732 90907 67552 41840 87970 14783 78831 9986 88013 36623 2172 40798 74882 67573 29525 98732 70190 41607 91980 67574 30870 62179 70425 1531 20201 78771 85744 53540 86102 1752 7123 93955 37569 11887 17660 78504 93379 86785 27840 41422 74386 84435 96691 46040 5866 32219 78836 84852 48725 59677 36625 13840 49346 59853 14756 76993 63936 86399 97115 56230 25213 84379 10341 49082 55551 96213 38557 69211 65650 78761 44797 74741 71429 61543 23137 52985 50195 12406 28763 21394 94695 47667 11476 81234 25916 6165 12139 76424 968 41346 17147 71553 67734 62284 14220 28244 74463 46762 47048 38273 23544 53106 14639 86259 21175 29678 35100 54067 26775 94547 20246 76053 71109 69726 57068 93934 9764 94582 19112 76857 12486 60595 10238 12336 19549 25197 32830 12362 1997 67175 54900 50579 90194 63725 50902 78323 30048 66213 36292 62731 97678 2073 76181 37880 66549 84268 90233 95171 47450 22972 17339 6256 50788 94419 57220 77911 35523 69087 51531 28614 88192 4641 69884 87032 43206 21961 76341 71652 14311 9485 28304 97891 44192 92731 92661 33913 32224 59287 32017 8546 23958 47647 8752 4754 21340 14466 48913 82907 15288 67340 81427 91287 63694 30860 10709 71743 50488 90825 10943 75690 41398 86069 54203 44953 69029 71347 38090 67856 22340 41671 54465 5889 34868 19213 30174 53147 78135 24557 16847 94837 12793 98259 73574 68919 24505 26193 73289 39204 72066 74165 71157 80584 52341 21582 27206 46196 9763 75512 88057 10402 21492 75543 61267 91913 97150 74993 90092 18601 49653 46515 34687 20661 40249 45964 73815 70402 71419 67225 67159 67227 85939 39469 26135 49426 25697 2799 36071 72344 80003 24026 85312 12408 97923 5262 94577 3763 56450 3237 73925 791 5914 37710
653 270
1968 14226 6730 61756 36075 8552 36759 56714 4285 57374 377 52121 26811 61618 53885 41362 8702 30249 58949 26497 58577 50611 97312 99188 30638 37080 33458 84588 25120 2168 42221 8634 87298 49613 25093 44774 40005 85134 65292 99206 97602 75699 44563 36587 43829 979 44642 15914 46191 74978 65604 89732 20937 7411 84909 58237 31750 85850 25947 32212 6031 68208 54851 75656 55038 54279 3722 69162 83942 35823 3231 42035 7151 72987 66214 30640 89871 31992 17152 84643 92362 95142 47126 59591 17531 34722 68914 85804 36978 63736 42625 42894 83450 57061 24795 33017 96732 48735 5847 75177 65346 13818 41880 80760 34717 74460 33314 61018 93883 41467 82551 47235 53306 33919 84960 18224 60640 25633 18744 93592 49491 14041 63607 6025 47231 572 68364 80981 55298 10789 35770 86278 68694 9948 50675 69631 68375 43640 64340 90735 59978 90897 27216 81853 32528 63470 16856 33674 53011 87301 40588 7143 80038 83865 4174 38237 48453 78199 14059 3163 47100 49116 46977 43454 9111 65582 16909 36998 73984 20114 43125 30665 99048 66029 46846 96280 67762 84297 84781 36724 9454 86462 64827 29885 37598 7859 6134 66238 57519 70996 24356 48716 8076 73167 65542 9570 7640 33297 32794 87720 9674 25664 64954 74499 81247 40175 54168 67597 1954 53006 23952 17593 75752 21243 92832 29430 67593 84131 7271 17764 22912 28186 13699 33545 28415 65051 71665 58388 45304 15204 3184 41281 5476 34985 84495 31335 87767 80425 99360 83795 23893 59353 67413 62811 21367 81700 18695 49074 12887 86000 14067 3517 53312 20611 22360 15264 99382 24475 14584 37212 80860 19201 57175 30078 12420 48369 88790 5642 44713 31752
650 192
75284 16622 75111 81330 63682 40416 17269 4749 50021 36372 46812 69294 67805 82155 2691 30188 687 86187 79944 89341 45237 65473 97274 71454 34443 47837 18207 92437 28554 68811 11843 79012 74409 32079 71054 29803 55460 59082 78934 40375 11395 31795 55615 4545 87783 56660 83756 80936 2776 68431 98928 21089 16221 62905 57543 78285 52802 21236 37788 1098 95942 85962 81746 30398 56528 65204 42342 7415 80913 13594 68476 71609 60806 58555 84099 31932 67361 39597 98613 56765 27050 29288 67529 68178 18603 14908 95551 44231 87927 63749 13111 45196 37871 46874 23833 8980 84170 23077 43207 62946 52465 51731 32372 40189 21480 49498 89575 24753 45171 92613 27440 70770 47811 94883 90836 57227 27041 18352 23606 29546 84665 57959 49030 14089 30069 25669 74036 79879 90816 59599 14553 50153 68499 51417 38 32445 73717 25414 87963 23624 49905 20888 13309 62919 20631 85417 69765 26603 95608 11110 46565 92499 45322 65958 50887 13677 36783 12388 89845 89493 13659 99196 46534 49235 84350 51848 37483 24367 80218 25785 77491 21250 15280 66227 83402 79186 37473 51261 58467 66341 51656 44300 28630 81173 54628 43513 59076 64395 87520 75851 1420 40831
646 120
67007 60058 20711 641 74908 39019 50589 24792 66709 45670 59708 7394 82592 12890 98002 60855 81286 1407 10096 28049 27609 80272 32719 76264 12628 13035 97848 75417 34625 91218 76420 40463 66155 11317 61743 38364 36826 58365 92687 57851 28954 17100 98695 35458 33319 86409 29372 44340 31511 37628 83452 81198 27919 57552 71288 42180 70039 20877 37325 28553 13724 78505 66047 49584 57846 51365 46000 92508 32558 88614 65437 38525 82024 61684 28902 6574 36116 14722 24054 97071 15466 38264 48646 54753 68158 51010 24306 24966 89003 36671 84753 12299 57857 63609 74248 98209 2096 97532 80610 65095 95276 23373 80683 49130 54641 16323 59364 59750 78318 32649 65688 10211 8515 83064 18272 84156 97693 69873 36642 72951
100 290
48005 32338 22726 65341 17367 92602 39290 23968 91112 85770 12525 76271 65616 93333 98776 26199 89200 22438 54986 98180 19783 40500 19491 45313 79208 48031 82351 85833 65627 81291 51855 38555 45335 85494 7337 76671 28978 77108 2883 5145 42494 42016 84373 56467 51205 57020 86921 78832 43785 65713 34569 94750 94818 59229 55356 58633 12696 40063 91896 28695 70206 23233 51647 85668 74485 62821 20039 10910 71818 7718 75220 39013 95004 12540 42659 66810 29473 65040 84825 57975 84569 94068 23392 98105 40263 47910 34812 86329 13193 103 62572 35137 4568 78723 40848 92447 43814 94040 93837 1208 35978 8471 80735 47069 5860 74605 40552 24477 10232 84662 13855 35065 84595 61167 53082 61446 42078 41086 5116 29827 58610 75033 7244 96655 7434 47515 71944 96413 81605 73763 37307 23198 17331 28963 12738 41660 11831 68471 10713 22409 61228 62824 73941 46282 82457 88258 52835 5357 65524 67652 73324 73561 13639 57270 54295 91673 37490 91505 75399 88600 93691 23345 23440 8576 15655 22209 48640 55916 25566 38083 92940 7266 18704 46485 51900 13722 93993 44915 60274 22976 84515 36099 30691 42463 90563 86267 2954 57597 12513 30571 27188 3451 39195 79761 31166 41992 96571 27446 37323 53247 4264 13295 34004 46269 28119 89477 20151 55638 94137 17435 74055 10027 51614 35943 24478 48469 8228 63282 28191 76663 88825 98703 72807 90890 85635 57852 75850 83927 84380 32622 37389 97139 57373 278 22502 31109 1832 54609 14388 92365 39753 41889 81262 28643 92884 72219 92186 16160 73252 70223 20291 65306 88601 61960 31997 82992 51523 25082 92989 50484 44158 54629 70116 13743 88134 43869 5242 48440 65384 3668 34343 76014 48540 18066 75948 4186 8577 7909 19962 28767 68372 70232 19482 68592 61681 7539 93566 27066 5219 90336
4 144
80830 14716 51836 38590 10566 10378 50258 66572 20618 93704 22452 47642 77231 99850 74405 25789 12769 63122 23155 64104 2463 47828 31696 798 6885 70830 9276 22464 10649 46852 54536 70126 31583 28646 13459 97178 23637 54036 88317 74155 59690 99684 40849 35017 83249 53009 40721 94789 78140 44206 20872 42857 14317 13949 21127 69785 34571 28776 10722 78370 49423 60389 79514 75278 19523 6229 4502 45270 60691 36513 26777 76326 60243 79448 23982 46124 72571 89579 98807 83815 29237 48298 72166 63354 63942 42828 35357 74548 53674 63539 2537 64364 67907 99766 17525 60967 7824 59459 57862 8254 52775 82523 37790 67829 8822 39300 92762 29095 95670 71074 31966 50355 17981 51254 99251 76762 96005 32193 65420 90954 10133 3510 44085 52890 98057 500 61491 18929 60952 86652 9214 34882 70629 18817 57089 87841 20595 8963 8058 48250 67940 75201 55431 10270
626 143
40220 34880 3116 75777 11406 19269 68611 66401 34854 27095 60180 68996 11336 64329 58143 63137 78693 18556 57526 47540 69999 8459 67923 90666 13576 22036 28421 63995 5708 28011 89843 17921 66820 73624 46222 54581 93102 89308 68897 22326 7928 32170 30679 82379 56119 20239 91814 72946 68832 65851 28228 35580 79178 31852 35680 98014 55284 47436 94767 24317 79883 78080 11219 75495 84731 21672 58087 34010 86946 58994 82555 53076 95717 90041 75193 49601 86428 13884 29395 8147 59251 71204 44553 8847 48691 58502 54541 48782 17849 5728 18903 2072 39666 63691 24163 10398 7554 86710 79693 31196 11949 83391 92233 39143 43757 63566 11491 81659 42137 36208 47183 19975 92043 70418 46284 7412 49425 62659 52083 10367 64699 42985 28368 42773 15273 2599 61031 43553 97589 84974 94454 3321 92524 59176 37027 82771 46958 36983 39736 31133 4748 78928 96362
607 284
78384 67897 45118 29804 87544 86520 67092 19821 96097 53158 5175 53155 13925 34334 32635 21461 20243 6307 94135 53332 52613 37956 84775 94495 60960 95961 51390 71596 68736 87695 17098 27210 60901 16088 94000 26991 42884 9024 40920 81837 2572 5464 86085 34997 2369 72354 99554 12956 82324 52994 40485 32530 31981 69896 30837 47661 30322 17022 35880 6583 64798 62233 39783 82371 64547 93575 66484 71031 90133 61771 30260 90691 69222 81802 25945 79034 67780 29508 20354 61511 2060 4638 63662 82817 80831 27604 95841 76933 17556 28629 94814 72981 15420 86712 11847 77646 57564 29806 61648 4810 58442 40490 37726 40833 93159 70073 40097 69196 98512 89888 3295 99031 64913 92195 5516 60571 70987 49060 2551 17412 31809 90696 13421 57776 63906 64591 81158 7222 23777 83235 8146 91332 91356 24768 19459 78692 7370 31266 66322 93401 99284 764 87726 35613 36182 12847 36471 38786 32608 53253 27613 22179 83430 40930 73226 46263 96488 90238 88021 31290 54711 6081 27936 51975 34913 89108 37371 17462 18338 16248 74342 28418 53079 95038 39574 15815 56701 54153 25878 6320 35673 79474 30766 53543 18414 9480 77667 83036 86286 33404 90903 15265 83676 16524 22414 1219 68258 23310 58473 98950 91732 42707 46230 35429 98310 11313 13939 96946 12543 24219 24171 43219 76732 54102 93235 70589 18612 36617 29057 96264 93920 37512 93693 90723 11205 55016 92457 70076 7443 18809 85301 65398 68861 31565 34725 35744 45432 80980 49207 52604 2859 59427 76091 61626 47490 44706 8149 17146 25173 11465 3708 553 17402 12936 80032 29781 8088 53957 7050 27240 2458 66336 36650 32586 63716 95456 74220 19069 41919 45631 12263 15324 77342 69635 39733 70653 35569 15584 64565 7515 77501 17034 55086 65218
602 282
69364 15550 79903 63011 33121 87189 56764 30097 17387 14932 75939 75429 12166 85484 30426 46139 97434 73950 2233 84684 93832 65637 94172 61389 67152 17583 23417 63771 90624 17610 43991 35969 53812 2260 15858 88856 12549 54700 4872 84258 88739 36168 59356 98352 42378 51871 56331 1482 94920 43645 20347 75515 27816 93225 59266 4179 11215 39709 94426 21673 3788 43331 24072 73206 6074 45824 26052 51658 64194 30318 30370 445 71998 21197 87651 96138 7842 77416 71518 59000 23413 90433 77513 78680 27285 62851 34878 37305 37805 51856 77360 95251 84370 48377 75527 13815 87183 79191 98340 88926 60800 43859 24819 20301 34288 68169 65747 28556 43277 37733 71367 18259 50120 86161 70857 11370 14429 89008 99150 93101 47178 73109 754 12171 88371 25010 27573 27957 19808 18890 35234 6077 13262 48892 58980 88753 91696 42259 94369 76400 22939 88273 3130 27854 83568 5342 44376 58333 16390 48813 49738 85096 59051 79826 59706 28297 56487 39402 48210 83339 91207 13735 19999 84010 77060 94066 52666 85524 52402 93260 457 28339 20639 12293 73508 63478 1194 64892 61462 10126 62810 57686 11490 86615 37015 64336 85206 26929 64494 55724 61781 31341 66772 83151 36854 10423 61810 77609 33634 18701 38155 75555 96204 43037 97897 15749 96635 30768 82293 4098 41369 81764 29293 55241 74420 33788 99371 70710 9967 53853 43972 42303 23113 8253 88730 47827 13410 1504 9248 28266 49152 14143 24794 23062 41635 37281 46863 80698 7661 38507 98299 44062 10120 8292 3470 80005 46620 28966 41613 9979 41768 38211 55067 21508 90712 45163 96419 73195 10188 49303 40914 71443 64612 80818 60621 89013 93630 10076 29933 36316 58447 22112 29997 80380 65899 97315 92414 25305 23381 60278 48187 88014
600 140
93375 60758 98323 20198 67832 1859 5569 86357 1063 98077 11430 3081 23843 5688 14297 52736 678 24411 71153 78011 12463 69584 6595 5385 3992 45984 25005 3500 8548 77361 94275 76474 53981 31381 94991 56592 55130 23826 42288 33849 17744 88017 96224 23293 94956 14977 52580 97384 86818 79930 2300 12297 22139 66142 52610 10821 14349 80770 31255 21468 42341 37767 19956 3497 92199 3153 17487 75575 19130 73703 37866 11126 72014 9684 65172 20720 55451 93303 32766 30420 7156 79500 55327 28150 45797 9424 86995 8438 99890 32298 68414 37101 88140 58609 58015 81743 69920 20292 70785 4390 93226 58454 13406 43 42230 47771 3258 10708 43607 48550 66753 76707 60090 55214 28768 60035 1084 69913 25395 46104 58897 63141 70142 66451 18150 66218 8134 76244 45009 21402 14148 4717 52691 59991 80192 80604 13364 90564 24995 20088
597 139
6887 86330 22373 56977 17965 50573 4330 66970 3157 68501 88906 39943 13317 36811 62578 16054 6145 57907 71375 88043 82372 60602 16445 55601 8248 31233 59027 65410 55301 67827 74941 44031 42754 48062 54924 97261 8655 56991 7262 76693 57031 47559 99596 22669 93418 42106 71762 9302 65711 41180 87764 61335 73994 87211 84088 62991 17725 1375 33326 3053 44877 79010 58035 18248 33275 83104 91475 54950 45228 75314 86386 10676 21751 30332 76266 55507 26818 2665 11003 87062 91067 28523 7494 59951 32536 19543 47271 20086 42936 37152 3085 46724 16585 62861 38526 6447 69440 68237 11999 95586 77741 6453 87012 64889 61103 21803 43035 16019 32552 88458 72844 97070 24208 94890 61715 56729 96625 13957 2210 19252 23914 2174 34756 26946 54833 4688 19770 29247 65580 57063 7162 28508 20158 92614 64555 77019 14746 48804 31776
112 276
79703 82288 59396 59852 63867 42530 3633 20288 37018 2704 1464 58689 32539 47031 6733 8967 52649 5844 44833 91977 36505 78857 88512 56071 3481 85181 99223 82428 24010 94835 3894 99169 7737 45082 42660 42281 22625 99652 62913 69088 26225 56081 68186 15830 33709 15993 84660 69548 25595 89519 47498 67395 40565 12971 38960 42989 61223 860 71227 30976 73761 31090 78620 83926 33394 83583 48747 42310 22541 72520 9263 14820 85108 14516 94877 24588 19739 16777 53061 39937 66597 68544 72888 17747 77266 55368 56149 84687 36521 91582 45542 12880 30421 18283 16438 93885 3795 4206 92051 99646 61392 73410 5183 37575 78433 922 93685 47522 32988 12499 97587 50419 48397 78813 36299 85488 96084 6070 97092 77519 45193 7512 54996 96053 71540 16429 87111 53849 90179 12231 85459 39405 4808 43820 68762 8484 18096 57849 75348 38408 64222 44011 84557 82673 99405 61604 10861 45268 89623 88248 64856 34467 20315 92933 66502 13523 47367 85536 1204 35556 49923 69946 3213 35589 69615 14545 76281 97508 17956 7990 86432 20856 35530 125 93174 14555 59960 992 2675 92942 16384 73265 13491 39331 65942 83237 43910 87407 99092 93983 28364 14772 66414 49105 36894 59191 71387 25444 85245 47274 27575 57060 1212 21611 50384 18641 52389 8647 75500 56566 74649 80768 10403 27518 63254 21973 99711 51121 8653 76402 18829 69835 30757 20098 51272 41015 95901 81769 56372 12701 15725 28573 82044 99492 79413 25035 64432 89772 97397 37084 48930 67833 74212 15651 39901 7149 5314 67285 51858 22708 10221 1357 96747 73173 37875 51695 30891 27579 23674 92253 97135 80435 94969 84389 63869 6944 1054 60288 6160 16749 19753 7095 67326 5572 7352 98872
594 137
8910 24856 95675 99743 13423 52301 1667 25255 18435 54035 94007 68634 21682 17932 6181 72829 58851 61321 47755 86360 84312 65898 67930 28198 92275 96113 29339 28216 1116 90023 35999 50310 23797 20404 20268 21533 59042 33848 12199 81581 97000 37433 61977 59966 13144 90045 37303 61469 95792 3123 12923 32342 97028 56314 99738 82212 42607 76545 27713 92244 12326 47132 5887 99093 34525 97668 93098 22546 60819 17564 77762 20269 55712 87421 72893 24457 52188 22653 69038 94022 79587 33437 23921 2793 22294 59595 80022 98941 67752 19944 16578 61864 9032 11482 38400 81293 40558 96855 5438 80476 24262 9011 76102 35158 57863 94069 34439 76390 23560 36465 16882 19119 99914 65179 98246 43114 21409 21981 1475 5067 28204 19848 63283 717 26764 72299 3133 15688 64700 93177 93917 66669 7662 32444 472 71357 38636
589 272
24998 88561 99351 80723 27971 35334 26432 24202 49481 15850 1387 54540 91453 44684 88748 95370 97254 29578 85610 1713 26858 69083 39478 41329 18103 24555 27235 25797 86664 89727 23896 22259 26708 5394 7514 28380 76965 33335 23168 34843 55646 98320 44497 39026 78182 25650 15494 21280 66118 10155 19602 11319 81904 33851 68290 17210 40989 84340 95602 80544 46283 38491 20960 42150 91183 80367 6892 25761 51955 64925 16872 87732 51561 64602 64380 99804 80585 31707 29561 73655 11910 6292 26814 57674 23286 57611 74655 1338 14108 86609 53690 88292 8825 74794 89270 8346 69134 33453 74895 86215 69332 27504 36834 39151 84320 74384 90273 74038 12187 47544 64698 8568 20362 63813 58812 13529 19501 80923 68456 46678 27896 87414 70814 31254 10561 19512 34555 48958 50838 2178 38593 94334 29856 58847 66436 11558 63491 23354 50217 4200 9004 71584 56431 34344 62736 15795 88652 2697 22426 97120 52883 93577 53031 30777 46694 8441 4358 69490 93034 4745 56973 70761 8365 53303 41428 86756 85332 15197 65844 91130 89288 10643 57667 94360 37076 14602 29101 16394 3372 77942 70208 92377 60728 5096 64304 63004 89920 99599 69578 1309 95374 32912 43914 31850 49895 39716 18364 87774 61183 96546 6004 77698 55101 90200 88805 96078 95646 55435 82038 45364 78587 578 82720 62343 80172 14270 31228 90936 30349 31851 71441 45027 54166 124 6538 16197 94027 70766 28066 33711 65843 37946 4755 90844 63980 33165 4491 94263 12075 45791 79353 96010 7638 57632 34119 16526 6216 38587 65908 15596 4515 19258 20150 77767 59462 91864 30282 72057 73530 74449 1618 50397 89791 89974 2701 872 54453 89292 80916 15254 88994 85554
575 270
27483 14207 40225 12157 20591 67711 28490 94279 45298 46759 51534 73270 79494 62342 25358 3981 27026 40590 2471 74058 58926 4845 81552 54360 78759 27164 47757 35117 83449 9043 38927 16422 28321 2503 97806 78304 25047 87397 92939 21816 99801 69868 72292 63934 54422 71918 63879 9023 75468 70473 53771 70310 69558 33963 8099 2119 7926 39936 67303 5115 37464 9486 88666 54081 57965 83337 85649 98543 35723 50567 55994 71601 64161 97480 57817 32137 63232 53653 52396 61644 89948 56254 48301 75100 93435 33264 50537 62078 44777 14757 63340 95322 85126 11996 15970 65054 20664 57410 18266 13676 50199 69483 99756 14381 29379 39315 89139 65458 81777 9323 68335 33359 81981 23140 15878 43879 43505 11203 92510 61426 23552 91460 1837 84688 33651 68726 17535 33535 69776 55790 10537 20420 14295 11453 90482 26940 95366 65291 4584 10154 37455 81107 19610 25864 30815 98861 52933 29649 21005 46607 63395 48235 31495 62866 37259 19097 89635 50201 84175 75012 16516 14835 95564 64787 96771 85154 87527 3812 68681 60234 57481 1885 29102 98093 27237 39835 25661 23600 81077 13573 34844 34680 50996 35845 34320 47589 82384 57871 70440 33106 1231 59255 33187 38200 32510 96967 30210 67456 88365 88103 9734 84913 18478 32253 91524 52295 35351 50132 6819 54321 21598 8654 13622 61151 98739 79759 97418 20658 85054 95620 55873 71258 98305 16106 99571 15170 63532 47475 22252 98932 22755 68834 25576 15563 46301 30646 29853 84527 17484 25109 42704 69992 48630 91238 8976 81673 3956 85558 3453 11023 39421 5716 73524 90065 25304 39312 26451 79387 20330 33249 71478 11601 15849 7553 89759 33084 78000 31926 61160 94372
569 194
53084 47553 78220 41926 2996 23758 4841 91410 98824 14734 80323 81065 99527 82819 31712 39669 56682 14259 54872 94570 80788 81955 7036 6851 48750 15829 70001 58028 98881 46385 52549 30414 31941 95517 57757 8237 39292 77855 72104 67949 20575 92010 16211 87278 15677 22494 70244 66091 84093 91634 83213 26261 51841 45502 59945 48216 83075 59804 16923 94123 61904 68658 229 41713 43112 41726 5830 9504 76678 64860 11004 71141 92574 6959 17710 5489 39483 88699 82977 89416 19971 34282 25187 61411 5535 35859 4973 11013 25879 31087 58522 65261 53046 62196 48924 30916 61188 50580 72663 80250 22330 89501 99108 8448 26994 25078 50985 20719 86179 39697 4652 18608 67179 32990 97633 47028 4636 20099 7507 67471 28459 93632 5691 99593 38809 9234 10830 49600 27988 46018 18973 20977 80059 60237 3381 32532 49980 14873 63589 10446 66280 52527 9947 31525 70342 92021 77274 23342 92415 89391 80358 50000 3057 83969 59331 27039 58887 29453 94345 63794 39089 70450 4774 18108 40889 66073 5413 75480 8269 1672 72330 63262 16826 44814 69423 82130 31805 16689 60791 10966 83095 15724 81885 2548 44991 78437 43761 22338 9094 40106 3616 17 7483 35812
125 133
23556 24274 3270 82267 1651 81000 46326 33164 73405 59263 60788 28564 9305 19105 76183 77474 61714 92888 60799 3757 28263 75385 28962 68574 4965 92141 12931 25431 14817 52507 69374 16186 38232 86896 88144 42747 39828 40083 72711 25385 3007 93059 4013 56605 97733 91126 3641 77713 32389 11988 58626 37185 10707 26138 11611 90869 97325 11069 82340 95910 96670 36940 16342 8598 65465 47286 43699 10785 8367 74413 91483 93941 29215 8945 14142 26362 4310 86044 2214 85629 66580 46233 26403 98417 88575 35883 85841 54 34658 94572 31297 66474 78227 98232 29553 28642 85165 31391 78660 21070 371 35160 64070 61901 14610 27168 25044 72138 73585 74114 14427 24234 36070 59835 26416 19632 76475 39449 17373 46135 423 51376 71948 86540 77622 6339 80885 11717 46305 64281 56219 427 89184
566 258
67314 85408 47370 55955 31871 79350 42859 86104 4269 88139 74083 33170 84881 75113 46658 13058 70364 52612 89540 57091 62017 31570 45976 89339 13036 24020 10914 55920 79072 83262 88308 32469 44570 51309 21166 87115 45995 37223 53186 52344 23102 30456 29173 71595 23414 78842 79347 64462 65214 79723 43804 11568 14459 81209 73131 68212 27138 80431 32918 10795 2562 78644 61947 67466 67835 34835 38700 49591 60690 68134 83077 35619 21511 70821 44515 77085 55272 30784 85576 41275 4776 26796 19485 53576 92224 32884 43912 14401 49209 83153 26692 79809 76704 7865 93532 84436 17664 12567 36530 43760 57183 17162 61347 12161 28807 80915 89359 61622 15174 41416 99075 89054 86903 10859 17155 2696 23438 72086 45383 93334 7294 53615 89461 38833 10252 82565 26337 38845 55965 13588 98228 6814 82463 6201 18260 17678 86373 50364 29537 25196 4596 75134 38343 76846 48137 17797 59085 36108 94733 5854 49086 53685 97940 84832 74904 52544 12082 65566 52841 94034 71953 55025 39586 90698 76602 67933 24002 40963 99039 42756 90315 59066 14435 70584 41392 39313 74061 31833 98614 83768 39523 79702 80697 16914 58922 94815 79782 68975 62935 14134 37734 51660 32065 74626 89095 25775 78805 17376 4985 70079 54256 967 54034 11029 83308 75390 24154 34779 71949 14613 85866 66836 16165 10603 17968 71764 8829 64831 56063 86163 86022 71632 16318 34962 14046 58455 87725 33046 48711 3721 912 34484 75673 23224 81532 13716 92906 89825 1450 71482 64974 14515 67760 91797 35763 70501 13037 1340 91343 37463 80289 31234 62445 63239 904 53337 48112 60113
565 26
47926 18298 59448 21867 99859 28502 11011 73215 81791 49006 96649 46138 23335 11480 9327 7647 55720 82707 17779 54181 44973 86886 15498 77673 34974 68289
543 80
42390 31796 53273 76598 78396 86194 96765 86106 25787 94869 61871 13407 65598 28654 64333 41991 86666 88955 89146 14231 44063 64296 49790 38908 71044 7484 11025 39501 6504 73725 15994 71366 97167 20723 78849 67358 67616 79101 62895 29010 38055 49937 22633 10780 85452 29869 15418 19175 50603 98912 32046 76558 14341 26245 18836 43535 89347 14828 36876 91282 96285 10591 96475 22171 31587 12827 55125 68320 92396 74965 39656 80056 81715 4261 18193 95076 55936 69160 92690 1263
536 224
46009 90852 83130 74619 17051 6674 87102 43221 90409 73283 2892 69123 75463 40447 49896 76783 3102 8010 93297 58460 9720 10372 86524 35698 32864 54209 3332 80466 54547 31327 27642 40476 7728 2412 11615 6659 3525 67655 53028 64587 70736 19840 32596 50002 46347 1541 77417 25533 1760 37846 37565 77977 4078 81558 63165 59947 40954 98123 35736 1693 99975 55700 28544 76710 96226 30803 5500 1356 85127 11225 76198 15690 68377 49967 67511 22826 67035 88200 27726 50571 61489 16550 75849 31988 64969 42564 53068 18505 26845 40703 71725 85666 72209 71272 4470 47759 92247 91593 86033 95808 67194 41766 53823 63549 78447 69221 45701 17354 77285 97946 75702 95018 8580 82831 33977 35295 7760 12656 67770 26922 56125 23742 67692 66031 71447 7088 68814 16362 16007 94394 76404 22932 41417 87187 61789 20706 1749 94478 8439 6634 23437 8465 37110 28395 34253 59971 30010 76839 1064 51707 73850 47979 39562 70346 88476 78617 74630 33733 23693 31223 44866 19075 7535 74490 22925 88433 62087 7800 12772 1516 54141 45581 54155 1764 58515 91578 77853 88585 6169 9710 54340 82502 18536 85500 22075 41007 78559 43634 86953 45263 83665 82776 1440 75815 37052 13092 63776 4912 64242 5828 82938 32113 14420 12429 54631 86158 6236 744 69444 54115 48390 1520 78797 36847 60201 15946 12962 5947 10015 6619 67602 25722 51679 2544
522 256
56559 42645 76095 84440 60585 93318 39891 26462 60095 85038 90929 68008 69369 7631 90744 5477 20065 420 79244 37857 37143 68461 57340 56625 75825 88687 8022 44119 25205 67781 83320 42114 80057 29705 18614 13359 40231 3799 48527 1932 29876 10234 11277 26019 75887 1458 38819 14199 30067 15517 56659 7024 18631 25344 7064 67320 27582 68826 73055 89648 75026 21168 50425 533 76646 64588 51801 72619 73792 39306 36107 93137 49710 59380 14885 31057 10082 65940 47685 59537 36605 3040 76997 99597 61675 12759 23084 4931 82643 36133 48984 79791 65797 8559 72716 54349 3985 62992 68254 37563 45137 93812 20248 38075 94185 8016 95652 81332 17745 91691 40799 14823 94492 6133 75771 88888 89976 14846 89576 97038 77365 19750 82844 51887 97548 13366 46779 12188 35504 25710 95100 27151 22547 86337 79210 10609 98805 43984 34749 43866 91717 53304 7017 60876 2358 66103 62322 14529 44900 77537 18834 50213 43919 48228 17280 12124 96494 36276 93354 34546 32324 87925 64942 89898 32235 61467 2449 91564 33141 5582 20032 91967 47240 53691 55730 16821 33223 81191 50747 9448 96762 50792 47197 40670 84545 34029 71539 32584 9697 89317 71202 38116 34279 56360 32792 95497 88280 6745 20134 67543 92638 74714 29403 7150 23058 311 91370 76756 30806 79449 47896 67262 10891 87559 60811 70864 80948 20467 14476 81018 15909 2569 43209 3741 8200 2343 58478 69405 90682 15607 74678 61778 5929 8186 84469 96850 68142 57651 83017 9039 21131 597 25382 4241 56694 6480 86148 47998 62826 13306 40803 3286 722 6130 50491 7467
140 254
94656 54386 86371 61757 17689 50268 41317 92443 87620 4112 90305 68429 70355 73562 53923 3704 25186 72528 40875 10281 45501 42964 6400 29478 22610 28236 61605 55710 71008 8238 81478 78706 10969 67661 23745 97591 6900 99230 78478 98338 6205 94395 21204 61948 50851 24750 84742 79103 41642 95346 637 40247 48442 63843 58959 21977 61466 2898 95094 94978 16925 7347 78090 31215 6241 25920 56239 17613 73343 15660 94608 58024 41486 635 2008 77803 52516 52812 79182 43736 77859 19399 98835 14739 99698 49859 42541 89114 83279 51091 20079 48144 20277 32753 40940 44731 63104 84018 30882 47120 29385 2140 19573 45147 68408 35471 38634 35009 44252 9208 10078 22850 87245 70362 14844 62189 12514 10804 97024 50804 77766 89050 38704 7344 84142 41519 58 836 40430 97176 26170 83868 93335 562 80282 39642 67642 85222 20941 68308 40747 11407 82312 16389 33091 67983 91034 47758 45895 27803 69035 16100 7341 6692 28769 91277 33145 36434 47946 26537 12491 59717 31868 72925 10130 79108 13430 69050 57436 28076 21028 12991 8906 80596 5555 76470 22157 95265 94353 82426 50451 98795 31698 8395 11922 98316 95938 40111 54811 76792 18110 8354 90164 12892 17676 82894 77514 58840 27554 68305 772 99493 84101 83447 51990 55418 36115 54145 93511 53788 21777 48599 70137 91527 32941 60366 26405 85865 98615 81211 63405 60265 62382 84970 66815 26844 57967 19613 64682 94738 85518 40536 76366 3918 44686 15173 26392 70719 36334 65084 72586 87856 52247 14959 22003 71580 77496 64297 70446 72444 43777 1358 36804 80997
506 252
26227 81068 85433 46753 79260 21553 18504 26387 11172 28393 84202 75081 78629 96721 58517 32628 42923 48810 29534 42706 27577 39985 3120 11912 41343 2450 41338 31759 92505 12853 3832 18314 96249 77672 21923 76918 34375 36034 37111 42970 72158 20824 16734 1826 88356 51047 90552 72960 15189 95566 12898 34416 5089 87825 13629 23520 41616 99070 20614 47507 26756 33384 38446 43637 94870 19596 12700 35466 87803 81938 44419 34133 82078 43969 11730 49198 74949 58146 8582 59249 71997 12778 96250 27116 28146 51485 26320 69714 73266 58879 86449 91751 56324 61769 77256 74802 43409 87057 88116 83113 17786 41570 72577 33174 38652 32946 72654 83139 73247 61522 99916 22649 60598 97832 17338 62012 43336 65775 32873 11404 68673 27297 31875 79934 42005 53422 44185 18198 96275 84410 69758 10025 15291 24039 667 52798 80529 65484 62340 66554 62885 97855 5392 69472 41951 4436 33531 38357 11794 95682 12210 50550 2194 54217 18345 66627 86496 86415 60227 9399 43301 90985 94286 77820 82700 49757 9919 80450 80383 45090 91224 13826 49149 17103 15823 7075 48273 66491 8236 15559 8759 17440 78208 71437 99883 58662 42135 44850 80154 23915 25294 10823 91695 74663 76985 77917 89967 78610 83088 72403 84106 20290 61515 32970 17489 62329 57387 18804 8893 98684 60471 39527 41592 9158 87552 54126 31508 32883 56955 51339 83085 81638 32829 99176 47629 44025 56710 77421 45626 3969 31514 36148 22461 50508 55112 86035 27339 8043 78975 83116 56709 91796 79307 89622 52363 16062 29001 73510 73183 47978 53637 29506
495 125
24131 86434 49998 36476 56210 57775 93172 27837 36164 97466 35432 32858 87483 95410 27743 29099 49761 75161 46511 87780 59326 77021 63293 80762 45644 5913 65418 69400 36601 71784 13597 11388 53489 77890 74367 566 41583 57870 48386 8755 13791 87880 68386 45721 77876 15299 76327 33179 43470 65766 9597 48305 58135 18527 49251 93005 8056 56919 19350 89937 20782 73791 75790 96767 62804 35176 30381 13151 30648 19166 12331 35711 91032 80152 41357 40800 59083 76082 87418 73820 1637 49371 13550 21165 77787 40663 17448 810 23723 16382 75945 62534 24067 87975 70771 26375 10216 10689 33639 48277 97642 43096 79701 92951 89119 7549 71193 40304 51147 30887 39657 21301 930 63801 19628 60852 74099 23160 91766 61209 42583 13083 81421 47586 22917
491 124
31676 45573 87866 28373 17670 95707 60115 78195 1486 67096 25964 75844 34459 81702 47294 64742 80378 28158 93252 70550 4517 9973 6302 96995 51818 14524 37416 78393 87879 92337 6393 69664 6424 16952 58006 32086 19418 37566 78855 10727 26770 24229 90181 72405 95776 72041 53803 68467 382 73111 97976 87049 98883 26600 94944 52510 67739 856 93795 48942 43958 24967 42573 52489 53679 15783 559 81518 58296 19229 39084 83900 3636 79921 54656 16954 40123 50942 90668 90686 99290 49995 81519 79984 48155 56751 80842 1709 73491 41230 21572 39707 9637 58650 57420 30302 72740 27687 81824 82888 54268 76613 27063 78768 17937 24299 78180 31902 86541 98169 3680 83831 27047 93648 41499 914 11543 23577 83664 57717 59491 97980 4821 45963
478 123
54764 44394 48241 74525 94364 49191 9809 58707 85733 24366 86963 8713 52713 7897 86260 65893 71771 79412 59319 80932 50475 79767 61872 60111 58661 507 2490 2287 29197 38062 60885 10454 4916 51354 22382 86060 45505 96844 11853 6401 18698 58272 21998 44173 34897 15753 97540 5195 40754 46667 68565 64977 87093 4142 94945 99466 95102 35794 61718 72250 26326 54773 16188 75879 56716 36079 73570 9850 54562 73323 31127 82490 90286 98312 43998 99686 83737 21504 35628 54345 84043 72505 56770 77107 78347 6459 86353 1829 24964 10690 26699 7317 36090 26334 19722 11618 22561 3896 81046 35390 64990 5139 10735 91223 34412 95093 61775 89204 78719 46481 17794 80089 57349 10152 64071 56077 88181 38909 45127 662 69404 96065 51924
151 124
72914 93278 66577 42289 50463 22172 57737 89981 81440 81887 12227 85343 94073 20367 95672 93964 60018 52268 70890 52060 57864 59133 99426 74518 60878 45422 3882 83675 94817 66306 62966 40324 74962 61952 61361 99968 24814 13695 19488 34736 21629 11511 31445 86068 46008 39443 63638 8362 86658 61090 54504 53402 46573 13018 50659 2800 46808 73117 71854 85084 91127 74481 38154 42330 67648 55047 33737 90639 53118 94143 18503 36063 22487 83053 98821 12831 6657 17742 87974 82710 4313 67889 67825 50964 35915 31634 53871 29044 20146 95242 28516 83191 64097 3607 9374 75019 81618 56699 49043 77848 9294 94791 63020 15402 71312 48882 18214 82583 37301 77500 61686 41121 26883 62501 15891 89276 96155 82793 46133 7687 17215 89720 18087 10983
476 121
45696 81594 93908 39332 34967 9063 11057 12470 82521 63827 29335 52762 68710 89836 33258 44211 16141 76172 71335 41199 20526 11229 13967 49401 75714 44707 78346 19364 71376 54393 34498 79287 22719 90025 4077 97234 83613 60066 32077 50486 49047 78070 4164 91962 40209 63481 41573 58196 31659 87371 92161 56421 94931 89708 6916 97920 87533 61895 61226 8369 64145 81608 25287 79561 90298 66470 73823 63131 17621 37093 5579 95576 12510 1566 66690 68518 66170 86858 3548 16107 18725 45736 23237 92255 93147 53148 98535 94865 51733 15352 19833 83444 53751 20556 40238 18748 10162 57724 92852 20214 4629 62717 89516 42077 89821 82415 77652 4400 67047 57071 17801 67409 10682 11508 87191 75005 38896 30273 1963 28058 22622
472 115
21064 47418 7937 13621 57683 71379 77113 31907 30310 74235 93234 47576 7251 23604 83502 38442 27006 32894 97276 81835 42855 54673 99659 73001 48019 2709 32771 90372 77871 27521 80158 78042 52165 86628 55182 96055 12468 92480 9890 3201 15917 5504 18738 33836 82034 76615 23032 98146 38309 62079 8328 39955 16161 89242 38640 18119 93899 13273 71359 80956 62344 4092 38930 24698 60046 6043 44710 4884 58561 81345 29284 43308 44360 44094 61574 14741 41619 50205 15048 15152 29404 95571 30140 33441 71975 97378 61231 29602 63789 48956 4455 26428 44792 77499 88146 24379 81123 44309 56184 81386 12536 56854 63058 91672 76535 66954 37636 45190 73071 59500 15997 64548 45015 41419 89489
466 238
96883 56274 26054 90184 82386 53641 13755 7458 60019 96573 24280 35830 64252 30477 57744 76112 75741 83620 79325 12493 51001 23172 85630 96656 73483 59111 51947 83461 44384 10026 15661 74395 32487 89002 74556 4048 69842 11309 97430 25850 76 60562 73683 72092 36330 53686 51610 45939 12304 89911 26224 3496 66093 40953 78271 31218 65855 19314 55899 14627 40513 19394 18932 53269 34354 61512 53610 75563 59723 84457 57304 72506 57540 13102 69212 67346 49680 36138 47909 96739 18876 20998 78329 2026 21863 61006 95480 30906 13640 68663 1578 7678 83990 7826 89485 26234 70967 24853 76388 37797 20028 16848 86972 68182 24352 24246 298 32992 70991 87352 97863 73885 17200 37629 9843 72340 57361 15220 97419 73883 54821 58855 19972 47825 69193 91389 70844 18616 97303 69144 63528 41615 16722 1751 774 23163 74176 48064 24132 37181 8660 45669 243 32134 1114 4349 56385 76276 91385 83291 83324 1552 27463 32383 65759 47568 82215 34491 43730 25476 43231 37836 19646 87146 75200 64420 48379 34939 85174 61388 95610 85886 88256 90900 81929 30299 48870 89472 3825 63268 82589 56443 15730 12757 499 27187 73716 37632 6862 39608 60216 21960 14938 30797 26107 54695 50162 59091 14315 49163 4471 39719 39971 81021 69614 14367 59341 48501 55427 87436 97844 9671 23484 19858 41578 33339 31275 33626 68368 76540 5849 59348 95130 83394 43641 58185 62265 72483 13456 59246 89960 66679 15786 52660 52386 88114 33048 69881
157 236
39988 66296 33393 53608 41326 95679 72788 17964 22957 48698 34269 94692 30602 35256 15582 27481 91631 52690 84686 35388 67896 34930 43862 57728 42128 61516 43545 67229 22798 22448 80526 71127 19146 22895 7665 83211 44401 24380 21859 54877 4828 17157 4393 3000 21378 80072 84795 81819 73009 46044 1209 79672 19723 79381 44486 27355 54590 77783 61761 14543 87169 97574 4799 14049 65527 29059 64311 42860 32347 23776 82315 19517 36317 72441 35727 20889 19190 36153 22763 5414 90208 28021 34678 99053 47822 96779 98564 59117 88399 79327 71728 98694 26986 56299 84745 29311 33614 94999 96093 26404 29757 38573 69763 12602 85106 89525 60246 85657 4984 76157 48474 41436 47877 35177 59600 65596 67393 24047 67030 59590 96669 16904 64344 78822 27978 72592 9681 76897 15290 42080 91679 48209 28911 92018 15868 91577 6762 67748 23601 55200 35716 92262 83845 75183 34936 6472 34054 59103 19450 2242 72639 50758 24958 81111 61865 16078 72332 91609 77502 4381 32831 13807 19274 92252 90969 7242 44246 31321 92341 19850 63611 29077 51230 4703 53944 27742 34540 18404 91502 77879 90169 15826 15157 56407 14179 14278 15921 27266 52415 20898 38904 64350 28271 60667 60834 55183 87337 52931 70517 11241 43886 85277 31039 79742 62949 87042 12119 8332 94431 83439 50650 33182 39035 71346 66043 22342 76060 80050 80183 42485 61358 18032 16950 51484 27441 15571 41696 44532 21674 99479 62640 82460 74030 30683 86576 2834
158 234
90949 10580 4977 13828 84417 57946 87523 26397 1247 71260 34346 93446 3647 97709 9022 77748 18857 69541 16582 66424 1741 86853 77555 82652 66330 60481 59812 25581 36447 3434 52940 94799 41677 5152 59983 92268 23340 33177 3968 68466 94300 47574 28000 37966 45065 37927 63060 76871 72425 65117 6248 60513 82247 82111 5967 38092 18671 70449 42838 61418 1824 75695 12057 76394 10376 68675 80985 71946 8002 84282 84076 91573 8975 80592 30277 30200 84539 93572 67733 87643 48756 34393 29144 12690 45008 80340 43861 24881 34551 42024 26002 20563 563 95486 20829 84368 5349 55212 88971 66259 24674 78811 29174 97785 42556 11038 50142 16406 46299 62207 86563 61607 8947 92176 13556 49095 60534 30295 24471 91423 20077 86128 96795 93175 49961 65353 8534 13668 27357 74197 21008 78639 9831 12226 79411 44864 49311 54845 20873 3079 64561 21199 44144 21570 32759 39552 3417 18373 38033 80179 19458 21727 11454 41875 69422 23512 90646 64211 87019 20978 34062 12671 86985 75513 49289 5179 70671 86436 60988 2284 33982 14894 18635 87846 19875 9660 22824 94321 41049 35611 33447 92620 31894 46003 10176 74354 72811 30281 60831 3988 82738 91079 64804 89815 26278 74487 42387 89674 51053 91810 53179 86910 32671 70441 71162 34760 4555 38470 27813 407 49145 58060 7406 47241 11423 85313 34037 99993 34316 13508 39489 60677 28580 90405 90366 72645 73077 26465 64649 19616 12503 49129 96746 11213
455 116
87818 7875 11039 54129 71132 23165 74075 97974 69026 42293 41837 70558 72714 4842 93116 70317 50987 97132 56784 18818 24045 95470 70378 23923 76068 92278 54444 7339 6829 49951 69908 18010 97758 63044 98901 8840 27999 52395 39328 74675 94161 35320 36006 53516 35336 64996 41394 55386 14830 41225 22791 90672 80827 91227 55244 49792 14563 79173 53790 75133 26087 54332 99858 90428 44711 76494 52426 98786 63437 47326 55314 73358 9735 93930 92961 55320 63230 25017 23238 82478 84421 35518 21024 47324 14558 42766 83666 46261 82679 45566 2103 80344 30754 62068 56344 70718 76067 27773 85519 7388 65252 36752 72671 10271 88959 78685 96539 66203 88669 62193 63672 32972 78747 71800 468 86132
447 230
93243 45638 14221 93743 86206 16665 76860 19937 66916 76356 38361 51280 97850 72424 58573 25427 83932 65980 15112 32239 20162 65283 62243 72514 60682 63252 23913 87092 93796 64533 59856 15702 15450 22374 78089 25786 70139 46242 69113 33590 32301 60658 71716 68666 11163 95157 66206 72588 29887 22756 91731 58923 95062 76579 33625 81061 7536 97247 50128 48023 65115 47545 64839 33054 88718 40641 11569 86942 47434 20465 97393 59701 26474 17295 46245 57783 28820 23296 94849 95798 26134 90642 40311 36158 74852 55421 61301 37830 721 19020 94772 70730 79939 38620 13131 78904 48080 80785 65519 5707 62871 33331 15503 32420 34304 923 36864 75930 45530 38514 74552 93 10344 95595 63432 62200 46774 34622 30888 60341 13261 98311 81475 9033 84120 52296 23485 15433 80943 48163 73970 15643 18580 50141 66056 79109 17398 60077 14760 30474 43267 86257 38807 4744 38243 99003 68541 50074 52602 26979 60761 42235 95825 53485 35918 2318 61780 42394 71536 9124 29792 14694 13435 87782 15234 43469 1311 52446 4886 10297 4428 79217 21999 84950 7961 75578 40874 10931 74407 47776 8053 94271 32308 45935 10285 3621 16311 35700 69354 88938 53574 66298 88622 6639 87379 18723 60965 46784 81335 37419 948 9461 21263 16145 51246 13924 78782 39186 90871 32002 81604 50080 5557 94195 68084 88496 87517 86364 74907 59535 34900 47313 59368 49864 47503 29272 51966 92220 78178 46360
443 228
42797 56446 25422 8796 57173 68394 40167 34160 39297 85814 52724 6494 20040 27416 91741 44006 85745 71133 91336 34015 95306 52459 75088 53213 76950 87130 76773 7497 53243 30051 26353 77904 10834 56009 58986 79393 646 20238 765 3606 13831 82837 70428 49597 49494 72246 75078 64545 59900 37979 48293 91482 78371 66717 70263 96785 69005 82972 71046 69648 43821 76727 54867 25251 33350 79519 32916 18945 80749 16868 38856 87885 77308 57204 86927 4880 43796 66003 3946 91080 65738 625 4780 87548 32363 29509 14111 11272 94269 82114 1198 49728 79015 66430 20559 62705 23630 20124 31147 24864 28392 29098 97278 96198 68538 70804 8776 72335 3010 90090 44657 60712 74192 61665 77130 94251 10902 37234 31584 75288 99580 33256 66692 8785 62345 3240 46271 57523 35369 39775 70453 83494 5677 67128 72862 72842 55060 94587 79048 66847 93362 1287 28425 62192 77305 86284 21670 9047 70267 22860 27015 64048 13623 93341 866 74163 9527 44734 85495 80555 28178 50342 47713 40988 61698 34783 27405 31316 80486 31654 88866 16917 97676 46715 53673 11753 37189 86114 40363 17204 87282 64921 57733 35121 315 23778 19657 2585 49656 33647 71715 23208 77671 98011 16655 97786 16892 42533 81473 31006 51392 35993 12903 94966 28735 32809 39949 76620 78038 50556 68637 35561 82087 69430 70423 79264 33416 23204 60951 28983 97626 93211 24103 75268 90357 60049 83150 44793
164 89
52394 90995 83016 45216 55043 87950 20680 11872 99120 62472 44039 89894 59214 16718 80699 74345 85600 74503 45852 98865 39244 36024 73356 90082 74857 1906 73205 38146 39592 20399 69450 10995 49799 59629 32816 1506 69476 65930 27259 30742 8446 94566 21161 61218 92975 83720 30927 76796 38473 31167 6467 47913 6369 41098 45840 77632 42422 82682 73778 82711 92517 18659 22960 40814 61295 25021 6040 85835 50497 25033 81108 97644 38966 34998 55624 87553 32861 57117 92346 2534 16900 93768 30470 98887 53979 89018 7195 85891 57211
428 218
21178 57976 30215 69455 45612 63289 41857 29812 22671 62468 74541 72382 67465 18401 37229 73229 22803 17766 59508 77419 83184 24354 8757 69829 44366 12313 17582 56811 63304 33114 818 64359 94375 61428 5459 12136 68491 71038 17782 90395 64031 37835 61527 78578 87206 89460 34426 69152 83659 46403 21153 96714 57059 96004 5337 85366 78918 12320 44302 51202 95537 31376 34949 34906 35849 69804 74879 81984 88214 79596 6645 30564 20649 39712 90228 52526 42192 77357 75094 95902 39564 43906 56774 66456 54771 12796 10197 96913 94493 74136 71483 58203 47603 79475 14997 37402 7831 94480 97546 68211 90234 37039 82248 19034 51344 89026 86125 65841 15663 76367 76521 69397 93499 65377 70185 78046 14999 37738 49350 20066 27599 21879 72461 60789 32367 90578 16277 99146 50269 2089 48003 57118 86843 46043 66563 82670 34637 84897 37771 11705 45865 61050 43323 54643 78508 90914 95800 80130 66027 51717 27212 78023 14812 54380 38294 77146 91996 40728 5681 37862 25605 52538 98233 34314 67432 71788 73731 98304 36366 65431 67870 9730 98999 75679 3827 47050 38326 82376 82363 12416 37182 29421 39743 79267 57516 85728 8765 89074 93122 81399 94603 46272 18092 62467 39517 70783 98189 37311 65973 32700 95314 77897 62315 40299 69092 50365 76798 91490 72686 54932 91617 73459 32213 2835 76638 95661 26670 57669
393 222
95913 15780 82009 292 95512 97453 51566 10255 87326 40417 11678 48021 44719 33819 79795 26164 33467 14512 84293 66113 41111 20942 74742 17959 5264 53487 85656 58148 89291 68343 21677 55169 85723 28927 78612 27633 99553 97311 76193 66915 55568 56928 84154 70907 30973 57972 78399 73102 668 39281 75584 741 90727 50032 31810 11909 70214 70641 27529 34950 82117 19444 12561 58788 54898 82106 10167 45444 99182 37318 96564 55748 21813 60950 4190 46998 41210 14719 95596 97396 86495 2837 97467 53784 30439 73901 63569 34957 98397 35714 25416 42597 55670 80131 99785 83829 41310 39655 2917 17213 82976 86561 67703 83434 70109 52081 13607 36074 6928 17805 65149 34409 908 71176 50940 34290 23677 60384 30719 77041 14680 61651 57641 60853 59921 93873 73335 59404 43685 56638 51530 84167 3531 73085 76854 18341 28292 67021 71763 68061 74116 64488 80248 96170 62370 91991 8895 30743 22720 67654 53977 28986 79566 22351 72883 4460 90203 23930 51016 7869 54054 13940 27524 10494 55907 72393 25970 19711 62854 4302 16451 23963 44511 36932 42735 8831 84046 65317 49169 47040 73344 40925 72251 1814 46420 73596 61244 94717 98241 90256 83709 79851 15179 25008 52476 35843 20163 17001 33671 57650 15954 3504 23019 63132 94341 64981 52234 55222 12003 26900 96228 38823 58361 17939 94910 65012 84761 67220 41817 23475 10428 11735
390 220
99960 57527 94540 37897 21120 14561 94755 32146 54681 89654 98156 47460 10165 87200 51705 82684 89663 40525 83731 8262 99324 60914 12462 33764 58542 32669 81774 46249 86505 90399 56574 67292 1586 95021 51367 6590 82683 38681 90912 68706 17711 71530 83272 60974 18349 36398 62926 14636 91599 45929 96998 62310 97518 55690 86668 47395 48388 50595 49505 33951 49839 95129 85101 74717 92015 26684 58079 77536 68523 83647 13891 85951 45441 4554 75996 93153 9543 52718 14117 56711 48697 76173 47932 71988 29352 83648 83809 93992 34932 75827 42760 1571 50314 54429 40950 70692 31151 11054 56456 21475 58059 92603 53167 55948 52646 35726 93366 42154 60817 63932 35708 8855 67576 41558 41136 9109 65250 68417 90386 69252 64391 96130 92020 43275 58476 72269 36313 77947 83105 40128 34449 44663 57256 83199 45250 91975 11287 76010 78920 57101 97242 92173 8231 51712 7480 40283 8442 42892 52889 51070 71042 24893 40553 57260 71951 59924 79013 33080 97857 30915 73634 83097 41634 40576 62777 86530 76734 67510 61109 7611 38301 53288 19202 32084 36245 90494 76305 99845 71221 96837 55382 40678 23115 16509 7 89632 19324 70058 21506 40859 86344 61271 3932 85574 79691 57239 48204 63818 68859 8291 91114 87162 4523 7104 53646 65731 6253 46148 88944 22926 82304 90080 96276 4040 58888 64724 83697 48200 76786 72268
388 218
31811 3461 44768 69491 49918 59710 54576 82331 99583 7426 66574 97694 10357 55977 95677 99901 27465 62365 76667 27547 30457 36822 27445 85201 49290 13316 51399 79298 51364 49504 64677 47226 93525 20092 18975 29056 58766 48393 7493 71832 15590 12451 20635 35881 74869 71887 17276 86294 65863 31107 81396 54998 23608 61910 48850 22598 26517 18280 2761 21060 59210 70056 67971 6821 69939 75326 81465 60317 35610 82282 73715 68297 85862 4489 70548 13506 98907 95186 66240 11725 64354 58501 23410 41931 32186 15126 14841 17008 1412 16173 44168 40259 52436 41842 57931 8681 13268 68315 31535 53529 40030 49704 92595 89840 22214 64794 94254 5727 7323 18135 91344 67259 58979 37529 266 94816 52882 22121 27340 59080 38755 45795 84480 45914 50388 45604 69778 62524 40993 93338 92285 16193 23689 30423 1606 48317 98284 19404 62886 22204 74327 76569 28575 29107 85210 48415 63664 86879 2308 52000 69348 66801 93179 92035 61861 47393 95867 98074 50449 83806 61736 20080 9096 89044 83403 54665 63378 8844 77971 54966 19113 82355 22271 17807 13000 49999 81831 48976 60076 99552 93929 19050 24199 23536 83233 84045 91141 51781 2986 19673 15906 11178 42326 73503 9414 88796 52796 11047 3410 94086 83683 80919 28112 37436 10139 44257 68246 5246 41425 85815 77055 74723 14480 21680 92972 13701 51548 22177
387 108
24983 59137 28634 41487 32382 61280 10149 1529 38277 43247 83039 44795 20701 57144 20283 26677 55341 19912 90250 1811 58989 55553 78404 11019 28213 44013 38870 90764 12312 21810 12950 7005 47317 28160 75947 72052 44151 41495 10085 82601 63085 86513 88692 72263 89402 27520 24407 7945 8553 89272 41148 10182 99865 40694 71753 35946 82192 47351 39813 23403 35469 31768 83346 72557 13848 45965 93513 72766 80503 11064 76381 4097 44242 6370 48800 59416 28265 37692 40477 91767 33082 52823 81050 17289 65297 43928 91687 57874 88460 76446 75165 69081 53318 8667 32393 52172 79185 44966 33646 21567 50179 56227 42020 72657 73809 54022 55658 72126
366 107
86168 20253 97610 89643 44200 12844 34465 71134 66705 43326 90103 41046 73458 64756 5748 51582 54782 72410 71233 30432 53370 55885 75045 16092 10938 57544 88576 88610 43325 66061 49531 91506 61492 56340 89704 89977 70516 96068 56650 47883 29206 70895 27556 22328 51615 18965 670 20006 90235 91269 44928 17252 58938 84348 91064 28148 31055 37831 38698 93938 75224 6042 70824 8781 60469 39923 18071 50746 23539 4399 52573 15123 96112 45623 97395 47215 56391 56561 31580 92560 89909 46429 86455 65486 2923 75658 99705 60259 36634 60502 78257 88158 89556 62383 71495 73575 79303 62143 73477 23771 5269 97933 8194 59798 72972 16214 42398
178 106
85431 15516 54730 6246 3695 60432 16418 75469 24801 50110 72608 90904 76333 17798 91466 14674 46060 13498 1782 88817 47690 46635 84814 38272 72941 39381 19305 21200 13977 19801 50084 38506 69856 94795 16187 9407 92044 65559 33218 49959 90224 5873 32226 10885 16690 21286 35493 6321 47017 29241 13148 78446 29363 23446 66376 94936 64051 27140 2974 22109 11952 7247 88198 37215 78071 90186 429 50043 9317 92100 20422 39495 57109 59663 21115 67097 48529 24273 30134 37001 9646 91473 68029 50505 15525 57399 12746 54485 60351 59707 82385 80750 89475 52437 91931 72171 4538 23500 20267 53108 9080 35808 85460 69967 80389 23026
350 105
77973 43339 48068 30000 23282 17524 11199 32945 48860 5817 21429 65681 48709 18196 13870 46545 76780 79482 8124 60922 99792 57054 53801 97155 16359 57644 47634 97170 5083 25752 12932 94998 69328 98959 29089 42826 56237 40566 80853 93700 20598 86697 59029 9165 91772 85246 46362 97882 47290 3288 5465 89157 56629 59062 23480 45284 36942 7360 51762 61227 56155 81502 81601 77831 4401 99899 34336 45337 34448 38303 20578 15371 9092 10103 72230 25648 43004 30853 324 61189 37497 34462 21600 47283 29646 37686 55077 31485 16397 73499 93112 53245 59450 69782 24210 83035 34919 63890 54527 62559 43600 6588 80382 46781 27960
343 104
552 26108 30252 11226 94988 50507 89128 81869 38463 89702 96922 58706 25651 36377 84256 36660 89563 95162 3893 38236 85747 15331 87545 44857 46157 85319 31047 99116 62016 27746 53333 28581 96244 52149 4192 67839 65333 62186 25781 79714 24276 75559 19650 78238 98402 56370 50427 17424 50167 19761 21774 16276 59219 16404 67342 47844 29995 7056 88489 66087 74671 24527 26069 11076 48196 99661 57951 28183 37908 16432 37458 94557 55163 45303 29514 20945 88332 90737 11273 25555 11134 33448 12201 7503 39734 71666 45023 19591 2918 46570 33591 64258 35585 90087 55821 90534 86854 44832 13301 65819 83745 76566 7120 73468
184 110
71063 45208 21631 45038 38321 27660 74200 97355 7440 59034 34471 97951 57958 3304 45651 93019 38492 65 3206 94499 10413 15454 23840 10844 66902 99129 87087 90160 86064 65861 41939 4506 51569 48314 79310 15548 70901 32042 55429 27370 66977 63440 62587 39912 1215 96428 30946 88286 75548 95179 62950 17680 16883 14296 1864 603 89777 37017 51879 8758 68468 41813 41606 51385 13472 41214 94591 95709 706 77516 17115 40729 45692 62264 97295 86113 60033 8425 66588 45827 35634 45283 43498 81631 47344 20906 75375 99714 58628 31239 90031 80896 90062 71760 98996 4877 65475 95554 78414 80508 76497 82678 48347 1296 5388 2473 71261 45857 8392 19250
332 100
94639 62457 28574 13503 56522 83800 88468 62760 70580 76924 55456 5526 51117 12165 80930 80396 90258 15741 44291 49041 5233 48973 26489 43795 66448 40702 69561 94685 96777 80024 68799 35473 15925 96887 48401 16423 23170 17375 81447 40205 24360 62033 70013 99260 63409 37187 54767 67038 41658 71646 27381 35021 39805 60593 98779 77116 85279 40155 16728 17193 52499 93117 78922 8838 83363 76291 7891 18461 22443 52611 6371 96040 96378 68766 19625 8874 52625 71191 71492 54355 17885 57322 37060 99086 77534 4661 27059 77638 29988 52830 15869 84988 52982 31542 21778 29301 89290 211 53012 97781
323 128
87719 41379 66247 58874 9361 42483 85221 83438 99765 12292 7074 30427 26123 13880 31619 70291 46407 30305 83188 92559 86560 53175 49022 61989 16884 79876 99786 8883 96146 97603 52027 87924 20554 97485 47949 10742 7131 47862 10908 4191 98578 206 73516 24758 95759 32549 68722 53649 52506 64007 15224 7950 82910 77756 60787 53963 6000 59922 72519 6978 25235 3833 19562 90214 22191 80419 67430 69094 8522 67239 29926 1846 75477 46625 65447 91075 39569 84285 68496 81506 92147 59526 92056 784 89470 33760 34028 80335 40373 70485 9352 23384 54883 63140 86090 5778 9415 90888 67626 10977 83364 51793 86281 3860 52467 57676 14348 90458 33994 19825 96314 49188 35901 73551 90606 66542 41407 73719 90403 26558 89716 2608 19232 61799 76657 2360 47917 43633
191 100
35187 34146 24308 83558 74042 57479 75833 78572 18069 72068 67641 44131 69937 7125 34497 40602 8252 75956 38018 51709 19043 5253 7525 63573 60005 68206 20754 71649 69975 77929 16150 58173 4576 21297 69395 84849 49241 28584 97194 24619 42183 20509 32940 85303 12450 84756 9195 21191 8007 36740 44824 17836 52192 64771 36611 26772 90758 26197 29692 52186 26098 66291 97096 16822 67330 81628 49411 88479 9672 28644 38801 57877 74598 62914 71339 67584 55270 20641 909 2957 88320 49308 2187 61484 29029 77778 8996 3014 52167 30994 5365 67115 86093 57592 96189 43902 59763 69239 47263 4367
316 198
34616 75062 47273 77505 56212 27590 87306 32542 8676 72022 1988 31953 41167 60397 94497 98893 81348 2137 33556 96728 94807 3179 84755 43744 48088 77214 49335 25309 77059 66694 85097 45887 65990 26928 20489 14244 83034 71317 74530 28111 83915 3889 32457 45114 1591 96259 91318 89386 11097 88947 37633 1333 44132 54607 62644 66571 70737 13679 49042 2659 55032 79996 20740 26226 77078 4095 61631 11253 55697 18495 94774 86660 2640 95325 57317 79323 9794 54039 16725 33313 81105 58413 21621 52935 52354 74885 72445 32462 7152 38922 32506 88578 32913 40043 20767 81878 76449 1910 36348 52101 53297 50445 38193 56351 89781 54001 43944 27335 28442 29640 55024 76573 37133 50413 52317 80375 87682 59102 77494 86685 41902 6539 61658 38150 10299 69617 23895 94703 70723 56828 3612 72918 92513 11938 76779 84200 93231 37184 66072 1853 68985 71013 93756 21251 41591 47637 40782 19578 21900 15368 12678 49629 13219 47767 9030 28034 38603 76044 51018 71680 93847 98292 68083 80578 45738 12078 94063 48626 77926 42129 74448 90317 24752 30606 56026 59112 91004 7726 99688 44721 26255 65175 34360 87109 9600 17371 19065 5903 16497 4066 55689 11698 46041 64358 88757 48515 64904 20218
304 196
12788 42238 92543 19082 20249 59545 46994 23871 72032 56610 54447 845 83930 77154 37950 56257 34086 36426 59169 48141 42918 84534 73409 42214 89536 65222 20729 59454 73124 72141 11582 53804 55693 23773 92004 40011 78083 58241 45217 33439 60241 31685 32690 26919 12541 6258 35932 48066 64411 74931 64245 26361 85272 33592 17421 22566 96326 84882 83314 41575 23079 45988 84497 13553 49338 86569 87438 49944 87688 44831 66476 63593 12291 49479 93683 5380 24316 7089 61963 83217 67736 95092 70825 39760 88589 69740 79877 22134 16268 68033 32135 91275 19884 47131 23316 27316 73767 84958 88504 66359 67566 90526 4208 89032 90278 73956 33736 85945 36384 85239 79589 39648 54683 48010 41400 85275 36011 21258 5546 69671 23319 23664 34975 45143 91325 79017 84149 83707 67482 80030 35245 38796 34695 62004 79551 59720 65823 67041 15539 86131 39356 72436 99232 60606 77598 91976 70703 6748 50917 81864 65530 60623 35250 7922 43595 43533 48413 49818 48111 33455 24272 93076 3912 45811 16520 205 14898 5307 36523 9180 67961 51986 62341 47091 23355 20491 71904 52380 73386 21062 5290 59850 33967 22899 51314 34516 65832 1883 22170 77435 66650 19916 90408 68495 92644 97982
270 97
82414 86761 81682 97077 70955 87259 88508 6556 38132 33983 57718 68598 52249 47881 29239 42197 69396 82260 53921 33564 29984 95589 20035 18925 1112 75256 35430 14534 23378 60531 5577 51005 82629 44847 62173 43541 18182 72693 14917 19899 20583 87027 79415 93250 97130 17385 6720 50135 70680 91753 15567 65667 45962 98082 94115 17930 61249 74174 59795 68490 94356 82347 78547 4247 22725 25778 43867 52014 10915 71069 98944 73977 21780 61362 27055 13143 85103 33360 99377 75873 72631 70789 17993 42472 64625 95625 6677 73470 51988 35637 94824 68016 58605 8888 54860 71528 69666
202 40
82705 20207 77488 37429 13591 38706 24816 18722 36825 39499 92132 79783 43387 92210 54156 37272 71119 47813 88631 43266 22889 8887 24837 92699 31837 2115 78222 85648 21088 14770 20295 94808 80647 5922 5627 39869 54672 64825 82484 11629
245 190
11447 20228 5746 4803 37171 2789 85961 30983 83470 54439 90251 41670 38352 74764 82510 66348 17017 43622 3597 89568 46078 5675 92394 76624 29088 3292 93485 19909 35718 70022 62275 45975 63343 68013 16439 89445 51313 73964 73221 67311 17701 95713 28869 16447 6426 74756 23713 633 549 57004 19164 2740 6675 68085 48434 79254 92634 35094 1267 17875 89006 63518 5897 22943 62035 50679 50022 48753 95547 21316 24935 12965 84525 33151 93660 68256 75751 60306 20496 16754 38733 30664 31261 14669 58901 85921 59986 59478 38106 25123 49269 86134 58562 85975 10814 80779 33382 74391 33376 64230 33166 75320 22059 46887 53234 18372 46507 61636 93637 98702 72923 31451 27700 62679 90582 83197 7561 26717 15588 2502 45765 90015 52141 50478 71662 3667 96147 54149 24706 33529 82606 45548 30802 17653 23908 16747 5943 69178 33366 99920 96252 87497 22728 32533 45047 39579 74277 92387 82196 46750 11706 91479 15009 18426 4544 89965 3931 65755 96797 2664 99796 3610 45280 37198 22447 79572 37872 41259 8444 16085 78724 22691 23164 55857 66676 19948 29075 68842 65795 61009 83366 70042 47693 89588 31150 24042 39028 86054 42321 22945
244 188
92358 76722 10571 898 43478 73588 25034 80560 5534 92069 9016 1605 54772 16841 59381 90774 90247 72792 76576 89839 37342 6832 43746 63426 91735 56542 34763 5621 79111 60695 33794 24692 18264 43589 16431 90713 94192 6509 21996 62140 98481 98744 42618 23887 32869 88577 42733 95542 20 75946 8005 95006 16263 5108 21871 69537 35643 62732 4680 22378 87508 39456 4059 27309 42749 64400 72731 19174 87648 98908 62036 63297 81908 16823 82916 49644 41494 53465 73152 46246 3522 19656 61900 21002 50066 41753 14188 15833 98503 52049 86755 86229 64888 94088 71809 76594 35211 571 40397 28742 4451 19871 42542 75127 1494 57319 13513 3761 38228 53317 41832 19500 38098 45990 83523 95495 99924 10332 65320 59070 49754 99218 32695 86175 18653 55733 39460 27220 96493 27092 64815 83326 7983 67791 62182 69186 51611 97817 71322 86023 9355 72317 66938 52460 77908 10432 61840 77064 4289 82438 10505 13278 39009 88418 85563 85818 32128 36583 74665 53339 96866 31260 64964 31468 5022 35238 39282 53869 13113 65785 98092 9507 62406 96081 81856 31920 38887 41866 40662 57291 90802 14307 37494 10031 15461 79976 68526 15212
242 172
1303 12081 30964 15635 16393 57563 37570 90722 65180 64947 38924 94339 27769 65383 61215 17933 20339 18145 49056 12896 97427 14799 41395 92149 86359 33401 20383 55520 37892 32637 90908 92629 69741 12518 58919 59530 61062 36540 90364 92904 64039 12546 70020 5609 69834 56439 23206 38221 64978 77616 53026 26568 40346 22996 47442 12435 43758 35599 11331 53136 34971 67911 45413 8923 60107 55372 33638 53231 57836 11812 54731 29481 79359 26544 10895 78544 53088 79920 15059 19066 53320 14607 94757 16347 3786 45930 43398 90570 48619 33364 84195 5660 25171 64322 54158 63064 17024 33716 98441 5931 29132 71813 24818 6266 34329 80862 66289 47879 6003 61332 481 15076 96781 5084 84292 27691 88404 74189 95296 59270 49756 4377 96624 41876 63075 9219 81625 65278 97752 91934 104 33153 42511 51691 55172 13847 92467 88412 48759 75252 49547 98423 26466 44600 34924 6136 81996 94705 15998 40394 23496 36417 85877 71910 84005 49174 30451 40948 78954 68310 77582 5870 63767 47075 18451 93438 15689 69951 20191 94725 96865 3963
241 92
22941 82496 77945 42981 60886 10918 96750 32777 4621 83202 79135 83740 31867 66120 32632 4480 683 72794 83956 35942 74719 29651 64217 50079 35317 92527 36951 51537 91111 60911 71215 82989 32443 71009 85177 59714 92089 57499 75837 49632 98438 88316 38429 98140 16136 33612 79946 27150 37122 47675 91830 80296 9421 25483 93707 88641 15886 89239 39584 22072 49216 88305 99989 65812 26631 62022 23459 20137 6948 65535 76735 36742 78340 66551 94723 66498 14032 85458 65304 24098 87911 70858 93142 75207 35007 99165 28431 50378 29576 34077 57381 1487
239 182
57923 43262 82491 79863 88647 21627 96466 48182 41139 42799 76430 46467 31396 76644 78678 6464 9685 91208 37172 14456 26496 43596 29894 10023 46802 87045 38861 73042 81970 43157 6823 49254 79250 60441 67377 96953 81474 18388 76069 28385 14201 12590 57434 9652 38444 13846 9627 85799 81318 37257 40647 73694 8028 68276 39039 12093 85662 77119 73207 78925 9601 77927 49126 29027 45890 83808 91552 57779 33161 79784 3222 29744 11677 59182 93952 46684 66302 18128 70958 73555 75755 12743 23884 591 25172 49665 34100 58375 90975 88523 31616 84683 94806 70724 12800 65444 7852 42997 72609 3859 60867 44297 98334 97102 18666 22891 54424 41254 2109 12848 62208 72013 41298 51753 55377 93655 3861 98761 43091 21086 6799 46359 12770 18570 48352 20816 90762 13183 66547 29574 48847 11904 58071 5174 6923 58935 24420 38513 6327 78152 95210 38758 62317 19509 30844 31131 25214 41506 94482 34172 72894 66514 65602 31760 14685 77052 61950 87639 82804 17823 6105 10362 74112 81259 30449 63522 24872 93544 83600 10392 35995 34910 41675 58240 86977 23740 84383 53398 18522 2190 16148 31319
209 90
74594 23766 39957 86616 77998 59445 2422 15873 31727 2984 88808 99004 40398 4391 50963 45077 88360 95405 88852 53786 92953 5223 75323 39268 72777 6493 1982 95909 60805 43021 60765 13168 19917 63515 36925 84594 34567 70228 88442 79487 36162 18949 51869 45370 18579 42730 38487 37070 40571 70275 69464 93733 99961 15403 56664 71694 6180 27975 82748 2033 79580 19074 65089 90316 76136 74921 15417 86039 85490 41509 81771 6062 65391 54204 53486 16805 4382 50057 7391 75684 97851 796 60091 1424 5062 90060 10876 28072 92846 17464
233 69
12612 72800 47390 28283 25262 95770 60486 71385 15738 6489 63762 69606 83721 14044 53928 7574 17990 26943 13953 48126 73002 49723 16149 83716 96984 28073 44501 20353 72359 52542 26491 41182 1602 10642 34989 82027 77384 94158 58864 22883 67783 48463 72822 39377 67116 76529 54594 38056 50994 24361 82651 18886 49919 19845 18159 6552 45297 29566 84936 89884 61363 68014 58815 62034 23855 75648 80620 95929 65203
60 87
48119 33471 91102 52013 99184 68750 51923 27494 89538 22947 25881 96879 96744 87305 39092 77101 31424 1524 31080 74984 71505 22247 3456 77627 43735 6273 6045 25417 90059 71591 15785 72556 71168 8573 92223 96914 8283 16352 96156 76250 40888 90423 70220 25715 7997 29991 99838 74231 14053 5158 1537 31632 44072 9009 77662 49432 33691 9639 22458 39921 18001 77465 79403 76219 32724 27205 98847 45050 96051 30919 53142 52454 68376 50266 98607 56445 70819 79172 43377 491 58081 53114 14609 3731 53369 50349 49608
962 85
56830 55869 24157 33939 55864 47552 30017 5335 90206 34817 52927 13703 12177 91115 46879 68288 5487 27806 22182 91597 13749 51436 9928 44529 22795 66849 85678 80677 78226 15836 24747 49988 61728 62239 55415 9209 9891 54761 91434 31899 2734 5018 92829 71544 35260 24189 23353 4581 48099 6962 11599 22678 20853 59160 29677 89660 51999 30190 725 59282 769 1007 45500 16555 78522 18289 47778 44951 77447 14827 19483 16895 47899 70382 18370 20673 91002 30373 28919 10277 81403 93323 22083 20800 93658
62 166
45863 19692 47432 38282 16760 11460 44350 26927 60801 30327 63697 45774 69277 1353 21133 99995 45748 5739 4469 81458 97717 17225 42949 7520 36608 63146 1528 66619 59667 26186 74899 60085 97756 64256 42628 65031 22645 77094 10142 89206 52028 26884 38945 20511 25491 82332 9174 79295 43548 49496 54287 20130 97776 1893 38606 98026 5171 94333 17592 40395 49712 27305 54651 74946 20033 25295 81470 5338 10339 1759 833 21675 55158 6611 37260 81589 4162 37755 41797 66992 45320 58396 9304 23827 7882 55165 49819 79560 23655 25143 7487 35728 28714 9972 79155 31524 15421 63329 83224 81522 14370 44862 93879 52520 76027 86996 64620 24112 1009 82076 90442 59129 68986 5796 71990 51545 89782 34694 28802 85089 7778 89166 85441 41659 57259 85640 47816 57990 45245 96175 6332 3758 24930 27929 42431 6188 43519 18895 85710 40614 85685 55633 33708 65433 24568 69235 34838 24808 38572 38626 68850 77922 83617 26509 90032 42499 31592 35401 17970 24637 91322 39793 98538 31780 25221 5687
737 162
38077 99207 3483 11759 81302 46383 81076 84026 10691 10592 94308 829 58399 42580 96082 38479 13307 66235 96796 33656 75419 29296 80290 14718 71418 39250 52707 9575 96514 54368 51127 27438 27413 39930 23796 7917 92814 97989 40773 23681 93834 65724 86525 29074 63209 31331 53731 15377 48108 45577 27731 92157 18089 10482 62519 81052 89377 56213 16286 73314 21079 8176 69799 30006 76214 60451 35284 74044 85315 57773 8297 92625 66017 42992 54535 77163 59909 44776 20536 66871 80238 22221 67489 14931 37679 11936 31979 6839 19241 96671 80117 55279 21928 84506 41450 46878 62385 77818 37894 1624 91134 95259 27704 80963 41796 4176 86198 63057 18674 79562 86722 67528 3178 81714 52276 13279 73317 658 76032 49501 17647 41921 85622 96979 37847 69497 32092 11863 68465 44270 79120 20036 62335 82751 16908 83305 14074 71056 5109 14432 26201 54682 88407 25101 75030 21613 4689 50763 78786 38453 71235 9650 78796 35964 34377 27400 88493 91 84463 47270 68235 95026
587 79
91155 47363 54892 19579 72265 64010 43779 32732 69971 89547 27982 68251 19651 92757 13751 39578 95434 91117 61485 58985 39756 14503 24787 98388 10619 70077 49524 28141 24193 42467 87481 59813 60551 24569 73833 96621 53984 76048 73285 25980 39858 14271 99374 89362 56326 93913 33259 72132 29555 61722 69356 26399 33717 52733 10976 36254 65873 72191 60145 66728 1807 32307 21141 13960 66036 25641 23114 72817 43105 64790 29621 79564 16358 58958 96429 34138 61873 41037 19055
586 77
86362 27077 92468 66172 20565 78072 92264 75561 10715 31801 50102 31041 6614 59648 96574 94796 65786 54262 58364 66086 48199 44825 60068 19864 27023 62784 95446 82086 26402 49077 94370 60827 75716 41291 69024 6510 36837 2077 32302 63139 1201 39366 54486 39246 67236 85357 20804 51613 62181 91719 73389 64580 723 15154 87118 87054 92593 67799 60930 52918 97199 40125 95826 63985 45991 73578 41300 93104 94878 59499 30230 47748 73676 18546 78473 8815 85934
117 75
69420 23999 39164 68568 811 15575 78983 70289 87297 2228 1710 5837 54018 16381 66207 33190 55888 4105 36400 53314 25419 59098 69571 76611 84121 92400 52219 56841 37806 51823 34466 64132 61940 60353 3219 81560 66654 81763 60279 20499 4529 1280 60613 80914 64389 85919 76154 29064 89324 92002 88034 59254 37902 47444 87863 21337 58066 15604 39508 55643 68947 12095 25086 33891 88255 59240 13286 31777 1658 56058 46704 63703 79053 99904 83975
118 73
4905 72217 62221 57696 98198 54032 43177 58493 3567 71621 56665 11123 22440 40579 71147 93157 85864 51256 33243 45482 59968 68384 99922 36215 51824 16233 21732 43837 55115 38157 55131 27404 51106 99562 46243 95813 94508 42831 24492 86838 49300 51953 39840 39173 37709 12357 62876 73878 44644 90673 59273 85033 73359 4403 88867 18931 14419 27519 84602 60123 89464 57046 15769 58246 8322 75121 94307 61483 29274 18255 32348 45067 6616
581 71
47492 33273 54265 40628 81524 631 68971 65337 57429 41849 49561 31171 54336 77374 72751 86809 12689 4918 70560 92675 24689 32837 94413 61317 9585 57203 23590 70239 71473 91955 13130 1622 95505 76290 54303 23566 7328 22778 96212 32130 59119 13730 74244 34244 51329 81155 71112 58238 54184 70036 90148 25897 65839 79546 83564 23909 7692 37937 21968 43344 26742 67910 16964 55745 27102 49088 46251 78150 33690 60749 4551
577 69
50808 43968 20682 73444 72748 97734 77856 52760 86603 92441 73299 89058 99854 68172 41470 76295 85931 6279 57856 55822 30435 65436 49418 51369 37616 18249 34552 40242 32647 40321 97201 35262 79605 16326 52926 34545 60361 41134 98777 32561 57993 26417 97864 55923 7960 85091 15632 77012 18460 4432 81739 75712 81265 27671 30466 81070 29922 74093 99118 40900 56018 6448 57987 43959 69076 82183 26420 73371 82501
121 67
26703 16102 11463 16256 90515 14726 93617 48 17819 14358 39728 52758 36506 38811 77943 77884 17607 61839 95698 10498 89711 9785 4052 95261 8277 47278 88142 44195 15010 41602 18000 81901 15004 18989 13098 70854 55708 31987 62388 70481 70293 560 83207 80356 45754 27866 64413 38105 84512 42027 31769 63031 64325 28165 59709 81575 90360 30563 13562 94457 94209 68349 95944 22388 89553 46702 24590
64 65
34983 49970 6197 22981 37294 82611 29594 3807 69157 6498 89945 44993 60949 43755 32644 54106 532 71433 71509 26542 44055 51518 39658 16227 17419 89686 21782 89860 17721 47623 8234 88190 64423 38964 669 2672 54010 13489 66696 15976 36233 50750 2643 20796 37366 90709 88840 3622 50736 40604 89891 62701 60372 93599 44927 86149 18528 46378 18990 8555 24842 67339 46118 63955 29511
571 126
22397 18920 76554 31174 40984 38402 19398 4023 46856 28399 73566 52003 99891 1484 9651 2742 60737 23679 80283 58376 85861 93859 65241 62872 27142 98264 82373 67162 12223 80803 50218 97031 22689 91046 20936 88322 92813 95957 65339 27160 72258 57036 58529 58152 41528 46738 537 8921 66219 95476 74492 83440 6507 50574 52903 48094 85905 45178 74339 55353 56766 68701 69966 27611 9359 12369 65783 23974 71050 38994 66638 75212 66809 74396 24593 34626 45351 92382 29822 45585 31248 79526 91771 49747 66591 48123 38746 85000 99002 10220 59796 21640 82719 60204 92180 6860 42484 52958 29516 29813 85369 42761 28279 9331 3364 65925 76673 71821 88440 5214 91247 95658 21134 82849 66873 11147 23362 69977 90867 84399 77771 57536 28652 68617 6474 70098
889 61
49862 89473 93638 55259 57217 84551 68959 62932 40671 81666 79890 30595 11772 76858 39311 12952 65515 12734 98035 59847 24408 22030 40585 53595 61323 49443 49178 83425 12303 20475 65878 71123 46862 16894 3466 21628 94514 69185 65702 93783 75711 80961 34342 73089 33361 41684 58518 29054 53700 37852 45606 69885 53491 32215 53593 82446 81893 83844 47960 57302 76445
32 108
84623 30094 46499 28638 53781 85411 55932 74624 35495 52102 86473 45394 40315 15943 33623 10661 88279 58363 92837 95726 25900 58108 45812 12820 86275 26396 86271 32000 58596 10024 39543 94847 87268 73981 29198 98532 58181 17047 4046 77228 51795 1485 58462 29124 15095 27826 4383 72183 54186 24996 82110 45291 70910 11614 45276 51941 74837 54297 66250 87868 19600 49772 3613 83426 12063 17741 72452 92549 92984 49115 99014 70861 65141 61108 91206 4125 83645 38853 82664 24130 51669 15813 5119 88542 34240 13769 97894 67801 28157 62099 13236 97200 80139 8249 11771 45088 2893 76586 59518 70913 56719 93255 3392 52761 33421 78556 53449 52418
983 57
15085 29632 64057 17476 11603 28793 14166 75532 21767 47192 9513 69326 2373 17871 42774 45704 21557 35887 18191 54121 58303 38741 19416 44237 42844 55938 81038 35533 31658 85761 43154 12213 2929 64668 36393 13394 10653 21807 48545 4402 13780 66874 11360 60277 11235 77343 15573 74823 92819 8300 77481 47791 75929 37196 81468 95225 91906
716 110
59336 13786 73962 84152 36675 69338 56602 2760 38576 54627 51123 8743 34859 43203 77242 96584 99991 68591 51196 80651 15464 6548 89077 59897 2044 99459 91274 21522 42672 63708 71208 11128 26653 11723 59673 47378 47596 74701 38835 59220 85844 42544 53882 1971 44485 74517 61261 1595 61879 96022 399 5789 14930 35068 20144 3377 26650 19215 47117 86065 27209 8589 45470 33890 62152 9046 75445 98667 42611 23178 9620 94023 52771 84014 90654 12633 24669 97148 97477 42395 84828 83994 31082 65068 34009 1197 81579 61341 4787 51916 53710 25314 67334 50442 7913 60029 78153 32556 69586 44387 15207 87151 99155 73744 56369 94208 35751 67720 9488 2862
128 106
69067 51418 54041 96197 25312 5868 71706 2855 68163 41202 81039 88495 42111 47415 18246 85790 61468 22997 51995 62573 49513 27411 19716 61561 70609 73708 55637 86717 98309 74943 13500 41000 51698 70506 20141 54250 50326 40425 76944 55329 43142 50324 62458 97088 24844 14497 20216 47789 45703 25924 78036 30752 24729 76017 3073 93604 41624 32652 7944 81366 23779 27585 15480 71939 93903 73974 31268 2296 90905 7188 84996 12634 25136 99095 42598 3671 8415 62862 89486 86343 34782 68870 89019 12048 63712 89213 43697 36717 66281 53265 38143 56727 33137 91642 70732 97021 72579 98477 5559 24848 94304 20271 95227 53195 56011 5877
563 51
19700 5259 37992 73780 11441 62974 19775 55684 29000 76800 70708 79418 26281 29528 38156 21997 8583 51098 73333 97145 92843 53007 32574 18767 33431 98906 50691 67189 24989 74755 21584 28406 21568 25943 44641 56072 21982 43490 72655 79986 63296 49313 76560 54829 71300 29701 82348 91140 77792 57906 26548
556 49
28452 32626 35361 80962 42978 37492 30711 73545 98802 74356 70021 19132 76452 60088 26842 45587 29698 83078 51204 38830 36694 20059 88724 18626 86830 47984 63000 18286 61470 75558 16660 13329 64433 76743 10140 23548 40975 68238 55343 70649 21502 15965 55048 91303 3208 32879 3158 74901 11274
555 47
28567 45506 62157 27073 1395 49808 48567 8937 6316 10948 55925 1603 40648 52563 29647 88143 58547 70499 80533 21369 71394 30491 2222 25336 42802 18400 80737 50208 85706 19343 24905 93620 22592 76374 68180 89144 79610 92999 81441 48713 43458 78697 1774 48895 94347 99038 71552
853 90
16127 36696 95465 19583 80654 8463 49643 29484 39262 11266 14255 22709 80291 58142 40410 47845 70615 46752 38218 74305 26553 81436 92575 76964 63325 62979 83660 3687 21880 57088 1167 47868 72450 1670 90981 72729 97797 132 75994 25064 20891 63989 10826 13662 60715 57736 66062 548 19641 70986 77092 12345 57567 45253 55586 16411 75587 14851 10601 24190 65359 65742 91508 47254 51930 49020 70914 85241 76227 15442 74532 69559 94050 58977 4701 51394 12461 86180 82060 92586 40863 87823 4242 63242 48769 72838 55149 71438 22090 29245
852 86
45546 12099 40862 90738 13601 47431 25792 50855 64096 24376 83171 13201 2714 43922 62025 83407 32555 78548 78158 62477 9659 94458 82999 5424 53983 57714 68896 49167 47327 77337 60143 80402 50670 29563 51780 61024 42361 46213 41475 36544 47887 81514 46985 76363 56447 91441 47751 3137 82833 493 37549 11380 28155 16606 2882 41253 53041 29218 18007 34793 76837 88992 85015 57517 43436 221 26481 55107 7773 72274 30939 16650 85871 69297 76240 99546 54027 29635 80133 48105 2557 34850 64149 24807 13197 66726
535 41
92078 31318 86171 38952 21113 97963 21704 78616 35327 19867 47951 52664 5011 24386 84911 16637 29213 92170 84197 19035 11636 22219 68494 29836 26954 75622 15115 81346 41598 8990 40350 32240 43903 34912 88510 17529 4961 9638 86261 72106 82920
135 78
59567 60482 82685 22991 64429 86549 74482 9422 37909 36331 254 11537 41445 30632 26529 3661 6527 41224 26119 99666 76713 18549 18649 91817 838 4288 22854 28375 45445 54658 28095 51406 71936 93359 96459 12629 96299 27397 12607 82100 49954 33002 99967 98357 90519 48943 3186 23388 91773 96720 89231 39236 18996 85240 23508 61816 8527 82662 2094 1370 21186 34851 67372 19277 97187 47649 48686 72029 73144 86216 30629 21754 72955 97576 21076 6515 53343 69034
534 37
1554 7894 48271 3922 49226 83123 30515 97033 87831 21537 8470 7956 32502 17739 92464 91331 28224 78108 77269 69142 61212 88828 60612 84330 65301 41019 11310 90619 70356 67134 77311 47337 49177 77965 82163 9087 44533
980 35
1399 58245 43657 13155 32655 82474 29496 53267 10819 36275 94783 91349 47728 82812 67967 71793 16702 18325 46978 887 50495 45759 58535 84155 75186 71877 15751 58329 40376 77815 10141 40701 26801 2387 17168
520 66
9005 88274 47972 19170 85026 24006 85283 63613 56821 77244 3524 36798 77008 85305 99534 42291 2273 15839 40089 35122 47479 97032 12367 51308 37137 91417 80014 7212 2246 3868 51139 9425 32442 48441 40088 40095 29200 15428 24013 23456 73896 33433 50824 21529 90750 4639 20757 67518 67353 97827 22024 20758 78901 47874 38775 97403 92979 66046 49258 74670 71879 28684 6193 83929 64730 82440
516 62
42353 6092 33274 22347 40796 79919 84793 31989 23756 69582 7191 43639 91312 21281 65101 66949 8554 73805 54312 76826 62746 12128 32778 64797 77147 21338 79945 36223 1380 34639 64353 10452 22738 36567 96576 51130 62415 7119 93850 71073 36347 71661 76216 1376 64032 59194 8158 26495 60684 51663 859 30771 1451 93603 98949 37474 4420 34006 11411 22906 10522 26228
950 58
88670 56232 10219 20286 2230 62469 2462 80676 28053 80309 62101 15127 50222 84364 6196 28369 79203 12449 21148 81127 97435 34067 94761 67901 23052 71220 57292 80668 71810 49451 51298 20424 33261 19823 98783 48700 78492 24660 20112 28673 18919 2746 99933 82377 28107 46293 56325 90556 12964 88466 2671 14891 68943 84242 14790 94270 6017 75105
512 54
4461 4631 52941 58837 53586 79550 8492 48238 74656 8640 65567 96654 54226 90277 52303 78032 50847 88176 64135 56394 8601 40162 86233 17468 72307 47088 48061 87647 81369 27812 52870 66388 42605 75999 70328 65722 38181 19851 86203 85942 99816 28463 25720 81799 85626 14793 55463 29591 81841 80107 84319 98628 58267 5533
142 25
28779 45814 28101 86319 54188 73971 34230 87997 46097 83453 70846 63743 35136 46115 37244 67499 31667 26564 72065 21500 25899 86991 59405 61671 83515
510 46
79188 88767 49579 93412 96373 43652 3309 40207 85651 10289 91858 70792 79106 56098 33126 5137 33419 47473 48908 18643 54838 62306 42085 76850 77704 24328 97611 66309 78801 69516 76490 98371 10293 96607 74747 3798 65891 80606 21794 91649 55337 12545 91014 63018 54864 92041
509 21
6419 23125 94058 16036 79021 98993 75847 87705 45134 80408 45635 70941 94265 66560 88534 25680 97429 31556 4861 37959 10632
710 38
86567 85638 93056 82182 78068 59606 23049 1536 81417 40330 20551 95396 70171 48647 38931 42520 45899 86019 43026 69119 38376 28532 85901 47711 47695 83351 8716 48840 70130 48819 30839 95722 17004 81713 85291 76371 35633 94994
949 17
78742 49272 74298 43582 50234 63342 41980 29105 25315 65300 96639 70709 78514 2972 19187 49957 76222
39 15
2400 22993 43225 14619 15766 58487 25844 9761 87971 18099 4231 66789 62803 74129 31936
148 26
23857 53614 38323 34556 37681 56469 66752 27888 85029 54310 84813 51049 29987 93946 61710 7498 45936 30941 71477 90047 83257 90796 31879 96193 12544 23261
700 22
37253 6100 96361 80385 22813 41526 9447 49386 70166 74842 68479 36532 10477 70945 96246 79396 10787 66678 55850 98164 58133 87319
150 9
27753 52764 99410 75108 93518 81803 57593 84163 43085
834 14
32846 28235 20442 33882 87233 16080 10288 54480 54841 3032 82943 43070 31346 63265
691 10
16380 72857 55924 33134 1134 59762 42446 72391 22215 51011
830 6
8315 45022 71222 86564 28925 73396
828 2
98363 48412
